Release 14.7 - xst P.20131013 (nt64)
Copyright (c) 1995-2013 Xilinx, Inc.  All rights reserved.
--> Parameter TMPDIR set to xst/projnav.tmp


Total REAL time to Xst completion: 1.00 secs
Total CPU time to Xst completion: 0.27 secs
 
--> Parameter xsthdpdir set to xst


Total REAL time to Xst completion: 1.00 secs
Total CPU time to Xst completion: 0.27 secs
 
--> Reading design: ALU.prj

TABLE OF CONTENTS
  1) Synthesis Options Summary
  2) HDL Parsing
  3) HDL Elaboration
  4) HDL Synthesis
       4.1) HDL Synthesis Report
  5) Advanced HDL Synthesis
       5.1) Advanced HDL Synthesis Report
  6) Low Level Synthesis
  7) Partition Report
  8) Design Summary
       8.1) Primitive and Black Box Usage
       8.2) Device utilization summary
       8.3) Partition Resource Summary
       8.4) Timing Report
            8.4.1) Clock Information
            8.4.2) Asynchronous Control Signals Information
            8.4.3) Timing Summary
            8.4.4) Timing Details
            8.4.5) Cross Clock Domains Report


=========================================================================
*                      Synthesis Options Summary                        *
=========================================================================
---- Source Parameters
Input File Name                    : "ALU.prj"
Ignore Synthesis Constraint File   : NO

---- Target Parameters
Output File Name                   : "ALU"
Output Format                      : NGC
Target Device                      : xc7a100t-3-csg324

---- Source Options
Top Module Name                    : ALU
Automatic FSM Extraction           : YES
FSM Encoding Algorithm             : Auto
Safe Implementation                : No
FSM Style                          : LUT
RAM Extraction                     : Yes
RAM Style                          : Auto
ROM Extraction                     : Yes
Shift Register Extraction          : YES
ROM Style                          : Auto
Resource Sharing                   : YES
Asynchronous To Synchronous        : NO
Shift Register Minimum Size        : 2
Use DSP Block                      : Auto
Automatic Register Balancing       : No

---- Target Options
LUT Combining                      : Auto
Reduce Control Sets                : Auto
Add IO Buffers                     : YES
Global Maximum Fanout              : 100000
Add Generic Clock Buffer(BUFG)     : 32
Register Duplication               : YES
Optimize Instantiated Primitives   : NO
Use Clock Enable                   : Auto
Use Synchronous Set                : Auto
Use Synchronous Reset              : Auto
Pack IO Registers into IOBs        : Auto
Equivalent register Removal        : YES

---- General Options
Optimization Goal                  : Speed
Optimization Effort                : 1
Power Reduction                    : NO
Keep Hierarchy                     : No
Netlist Hierarchy                  : As_Optimized
RTL Output                         : Yes
Global Optimization                : AllClockNets
Read Cores                         : YES
Write Timing Constraints           : NO
Cross Clock Analysis               : NO
Hierarchy Separator                : /
Bus Delimiter                      : <>
Case Specifier                     : Maintain
Slice Utilization Ratio            : 100
BRAM Utilization Ratio             : 100
DSP48 Utilization Ratio            : 100
Auto BRAM Packing                  : NO
Slice Utilization Ratio Delta      : 5

=========================================================================


=========================================================================
*                          HDL Parsing                                  *
=========================================================================
Parsing VHDL file "C:\Users\Mistakx\Desktop\PEPE-8\PEPE-8\ALU.vhd" into library work
Parsing entity <ALU>.
Parsing architecture <Behavioral> of entity <alu>.

=========================================================================
*                            HDL Elaboration                            *
=========================================================================

Elaborating entity <ALU> (architecture <Behavioral>) from library <work>.

=========================================================================
*                           HDL Synthesis                               *
=========================================================================

Synthesizing Unit <ALU>.
    Related source file is "C:\Users\Mistakx\Desktop\PEPE-8\PEPE-8\ALU.vhd".
    Found 8-bit adder for signal <operando1[7]_operando2[7]_add_0_OUT> created at line 59.
    Found 8-bit subtractor for signal <operando1[7]_operando2[7]_sub_2_OUT<7:0>> created at line 62.
    Found 8-bit shifter logical left for signal <operando1[7]_operando2[7]_shift_left_8_OUT> created at line 2973
    Found 8-bit shifter arithmetic right for signal <operando1[7]_operando2[7]_shift_right_9_OUT> created at line 2982
    Found 8-bit 13-to-1 multiplexer for signal <resultado> created at line 56.
    Found 1-bit 12-to-1 multiplexer for signal <SEL_ALU[3]_GND_6_o_Mux_11_o> created at line 56.
    Found 1-bit 12-to-1 multiplexer for signal <SEL_ALU[3]_GND_6_o_Mux_13_o> created at line 56.
    Found 1-bit 12-to-1 multiplexer for signal <SEL_ALU[3]_GND_6_o_Mux_15_o> created at line 56.
    Found 1-bit 12-to-1 multiplexer for signal <SEL_ALU[3]_GND_6_o_Mux_17_o> created at line 56.
    Found 1-bit 12-to-1 multiplexer for signal <SEL_ALU[3]_GND_6_o_Mux_19_o> created at line 56.
    Found 1-bit 12-to-1 multiplexer for signal <SEL_ALU[3]_GND_6_o_Mux_21_o> created at line 56.
    Found 1-bit 12-to-1 multiplexer for signal <SEL_ALU[3]_GND_6_o_Mux_23_o> created at line 56.
    Found 1-bit 12-to-1 multiplexer for signal <SEL_ALU[3]_GND_6_o_Mux_25_o> created at line 56.
WARNING:Xst:737 - Found 1-bit latch for signal <ALU.vector<6>>. Latches may be generated from incomplete case or if statements. We do not recommend the use of latches in FPGA/CPLD designs, as they may lead to timing problems.
WARNING:Xst:737 - Found 1-bit latch for signal <ALU.vector<5>>. Latches may be generated from incomplete case or if statements. We do not recommend the use of latches in FPGA/CPLD designs, as they may lead to timing problems.
WARNING:Xst:737 - Found 1-bit latch for signal <ALU.vector<4>>. Latches may be generated from incomplete case or if statements. We do not recommend the use of latches in FPGA/CPLD designs, as they may lead to timing problems.
WARNING:Xst:737 - Found 1-bit latch for signal <ALU.vector<3>>. Latches may be generated from incomplete case or if statements. We do not recommend the use of latches in FPGA/CPLD designs, as they may lead to timing problems.
WARNING:Xst:737 - Found 1-bit latch for signal <ALU.vector<2>>. Latches may be generated from incomplete case or if statements. We do not recommend the use of latches in FPGA/CPLD designs, as they may lead to timing problems.
WARNING:Xst:737 - Found 1-bit latch for signal <ALU.vector<1>>. Latches may be generated from incomplete case or if statements. We do not recommend the use of latches in FPGA/CPLD designs, as they may lead to timing problems.
WARNING:Xst:737 - Found 1-bit latch for signal <ALU.vector<0>>. Latches may be generated from incomplete case or if statements. We do not recommend the use of latches in FPGA/CPLD designs, as they may lead to timing problems.
WARNING:Xst:737 - Found 1-bit latch for signal <ALU.vector<7>>. Latches may be generated from incomplete case or if statements. We do not recommend the use of latches in FPGA/CPLD designs, as they may lead to timing problems.
    Summary:
	inferred   2 Adder/Subtractor(s).
	inferred   8 Latch(s).
	inferred  11 Multiplexer(s).
	inferred   2 Combinational logic shifter(s).
Unit <ALU> synthesized.

=========================================================================
HDL Synthesis Report

Macro Statistics
# Adders/Subtractors                                   : 2
 8-bit adder                                           : 1
 8-bit subtractor                                      : 1
# Latches                                              : 8
 1-bit latch                                           : 8
# Multiplexers                                         : 11
 1-bit 12-to-1 multiplexer                             : 8
 8-bit 13-to-1 multiplexer                             : 1
 8-bit 2-to-1 multiplexer                              : 2
# Logic shifters                                       : 2
 8-bit shifter arithmetic right                        : 1
 8-bit shifter logical left                            : 1
# Xors                                                 : 2
 8-bit xor2                                            : 2

=========================================================================

=========================================================================
*                       Advanced HDL Synthesis                          *
=========================================================================


=========================================================================
Advanced HDL Synthesis Report

Macro Statistics
# Adders/Subtractors                                   : 2
 8-bit adder                                           : 1
 8-bit subtractor                                      : 1
# Multiplexers                                         : 11
 1-bit 12-to-1 multiplexer                             : 8
 8-bit 13-to-1 multiplexer                             : 1
 8-bit 2-to-1 multiplexer                              : 2
# Logic shifters                                       : 2
 8-bit shifter arithmetic right                        : 1
 8-bit shifter logical left                            : 1
# Xors                                                 : 2
 8-bit xor2                                            : 2

=========================================================================

=========================================================================
*                         Low Level Synthesis                           *
=========================================================================

Optimizing unit <ALU> ...

Mapping all equations...
Building and optimizing final netlist ...
Found area constraint ratio of 100 (+ 5) on block ALU, actual ratio is 0.

Final Macro Processing ...

=========================================================================
Final Register Report

Found no macro
=========================================================================

=========================================================================
*                           Partition Report                            *
=========================================================================

Partition Implementation Status
-------------------------------

  No Partitions were found in this design.

-------------------------------

=========================================================================
*                            Design Summary                             *
=========================================================================

Top Level Output File Name         : ALU.ngc

Primitive and Black Box Usage:
------------------------------
# BELS                             : 127
#      GND                         : 1
#      LUT2                        : 24
#      LUT3                        : 6
#      LUT4                        : 10
#      LUT5                        : 14
#      LUT6                        : 33
#      MUXCY                       : 14
#      MUXF7                       : 8
#      VCC                         : 1
#      XORCY                       : 16
# FlipFlops/Latches                : 8
#      LD                          : 8
# IO Buffers                       : 28
#      IBUF                        : 20
#      OBUF                        : 8

Device utilization summary:
---------------------------

Selected Device : 7a100tcsg324-3 


Slice Logic Utilization: 
 Number of Slice Registers:               8  out of  126800     0%  
 Number of Slice LUTs:                   87  out of  63400     0%  
    Number used as Logic:                87  out of  63400     0%  

Slice Logic Distribution: 
 Number of LUT Flip Flop pairs used:     87
   Number with an unused Flip Flop:      79  out of     87    90%  
   Number with an unused LUT:             0  out of     87     0%  
   Number of fully used LUT-FF pairs:     8  out of     87     9%  
   Number of unique control sets:         1

IO Utilization: 
 Number of IOs:                          31
 Number of bonded IOBs:                  28  out of    210    13%  

Specific Feature Utilization:

---------------------------
Partition Resource Summary:
---------------------------

  No Partitions were found in this design.

---------------------------


=========================================================================
Timing Report

NOTE: THESE TIMING NUMBERS ARE ONLY A SYNTHESIS ESTIMATE.
      FOR ACCURATE TIMING INFORMATION PLEASE REFER TO THE TRACE REPORT
      GENERATED AFTER PLACE-and-ROUTE.

Clock Information:
------------------
-----------------------------------------------------------+------------------------+-------+
Clock Signal                                               | Clock buffer(FF name)  | Load  |
-----------------------------------------------------------+------------------------+-------+
SEL_ALU[3]_PWR_9_o_Mux_14_o(SEL_ALU[3]_PWR_9_o_Mux_14_o1:O)| NONE(*)(ALU.vector_6)  | 8     |
-----------------------------------------------------------+------------------------+-------+
(*) This 1 clock signal(s) are generated by combinatorial logic,
and XST is not able to identify which are the primary clock signals.
Please use the CLOCK_SIGNAL constraint to specify the clock signal(s) generated by combinatorial logic.
INFO:Xst:2169 - HDL ADVISOR - Some clock signals were not automatically buffered by XST with BUFG/BUFR resources. Please use the buffer_type constraint in order to insert these buffers to the clock signals to help prevent skew problems.

Asynchronous Control Signals Information:
----------------------------------------
No asynchronous control signals found in this design

Timing Summary:
---------------
Speed Grade: -3

   Minimum period: No path found
   Minimum input arrival time before clock: 2.790ns
   Maximum output required time after clock: 1.752ns
   Maximum combinational path delay: 2.809ns

Timing Details:
---------------
All values displayed in nanoseconds (ns)

=========================================================================
Timing constraint: Default OFFSET IN BEFORE for Clock 'SEL_ALU[3]_PWR_9_o_Mux_14_o'
  Total number of paths / destination ports: 483 / 8
-------------------------------------------------------------------------
Offset:              2.790ns (Levels of Logic = 13)
  Source:            operando1<0> (PAD)
  Destination:       ALU.vector_7 (LATCH)
  Destination Clock: SEL_ALU[3]_PWR_9_o_Mux_14_o falling

  Data Path: operando1<0> to ALU.vector_7
                                Gate     Net
    Cell:in->out      fanout   Delay   Delay  Logical Name (Net Name)
    ----------------------------------------  ------------
     IBUF:I->O            10   0.001   0.421  operando1_0_IBUF (operando1_0_IBUF)
     LUT2:I0->O            1   0.097   0.000  Msub_operando1[7]_operando2[7]_sub_2_OUT<7:0>_lut<0>1 (Msub_operando1[7]_operando2[7]_sub_2_OUT<7:0>_lut<0>1)
     MUXCY:S->O            1   0.353   0.000  Msub_operando1[7]_operando2[7]_sub_2_OUT<7:0>_cy<0> (Msub_operando1[7]_operando2[7]_sub_2_OUT<7:0>_cy<0>)
     MUXCY:CI->O           1   0.023   0.000  Msub_operando1[7]_operando2[7]_sub_2_OUT<7:0>_cy<1> (Msub_operando1[7]_operando2[7]_sub_2_OUT<7:0>_cy<1>)
     MUXCY:CI->O           1   0.023   0.000  Msub_operando1[7]_operando2[7]_sub_2_OUT<7:0>_cy<2> (Msub_operando1[7]_operando2[7]_sub_2_OUT<7:0>_cy<2>)
     MUXCY:CI->O           1   0.023   0.000  Msub_operando1[7]_operando2[7]_sub_2_OUT<7:0>_cy<3> (Msub_operando1[7]_operando2[7]_sub_2_OUT<7:0>_cy<3>)
     MUXCY:CI->O           1   0.023   0.000  Msub_operando1[7]_operando2[7]_sub_2_OUT<7:0>_cy<4> (Msub_operando1[7]_operando2[7]_sub_2_OUT<7:0>_cy<4>)
     MUXCY:CI->O           1   0.023   0.000  Msub_operando1[7]_operando2[7]_sub_2_OUT<7:0>_cy<5> (Msub_operando1[7]_operando2[7]_sub_2_OUT<7:0>_cy<5>)
     MUXCY:CI->O           0   0.023   0.000  Msub_operando1[7]_operando2[7]_sub_2_OUT<7:0>_cy<6> (Msub_operando1[7]_operando2[7]_sub_2_OUT<7:0>_cy<6>)
     XORCY:CI->O           1   0.370   0.379  Msub_operando1[7]_operando2[7]_sub_2_OUT<7:0>_xor<7> (operando1[7]_operando2[7]_sub_2_OUT<7>)
     LUT6:I4->O            1   0.097   0.000  Mmux_resultado_77 (Mmux_resultado_77)
     MUXF7:I0->O           2   0.277   0.561  Mmux_resultado_5_f7_6 (Mmux_resultado_5_f77)
     LUT5:I1->O            1   0.097   0.000  SEL_ALU<3>81 (SEL_ALU[3]_GND_6_o_Mux_11_o)
     LD:D                     -0.028          ALU.vector_7
    ----------------------------------------
    Total                      2.790ns (1.430ns logic, 1.360ns route)
                                       (51.2% logic, 48.8% route)

=========================================================================
Timing constraint: Default OFFSET OUT AFTER for Clock 'SEL_ALU[3]_PWR_9_o_Mux_14_o'
  Total number of paths / destination ports: 8 / 8
-------------------------------------------------------------------------
Offset:              1.752ns (Levels of Logic = 3)
  Source:            ALU.vector_7 (LATCH)
  Destination:       resultado<7> (PAD)
  Source Clock:      SEL_ALU[3]_PWR_9_o_Mux_14_o falling

  Data Path: ALU.vector_7 to resultado<7>
                                Gate     Net
    Cell:in->out      fanout   Delay   Delay  Logical Name (Net Name)
    ----------------------------------------  ------------
     LD:G->Q               1   0.472   0.295  ALU.vector_7 (ALU.vector_7)
     LUT2:I1->O            1   0.097   0.511  SEL_ALU<3>7_SW0 (N14)
     LUT6:I3->O            1   0.097   0.279  SEL_ALU<3>7 (resultado_7_OBUF)
     OBUF:I->O                 0.000          resultado_7_OBUF (resultado<7>)
    ----------------------------------------
    Total                      1.752ns (0.666ns logic, 1.086ns route)
                                       (38.0% logic, 62.0% route)

=========================================================================
Timing constraint: Default path analysis
  Total number of paths / destination ports: 491 / 8
-------------------------------------------------------------------------
Delay:               2.809ns (Levels of Logic = 14)
  Source:            operando1<0> (PAD)
  Destination:       resultado<7> (PAD)

  Data Path: operando1<0> to resultado<7>
                                Gate     Net
    Cell:in->out      fanout   Delay   Delay  Logical Name (Net Name)
    ----------------------------------------  ------------
     IBUF:I->O            10   0.001   0.421  operando1_0_IBUF (operando1_0_IBUF)
     LUT2:I0->O            1   0.097   0.000  Msub_operando1[7]_operando2[7]_sub_2_OUT<7:0>_lut<0>1 (Msub_operando1[7]_operando2[7]_sub_2_OUT<7:0>_lut<0>1)
     MUXCY:S->O            1   0.353   0.000  Msub_operando1[7]_operando2[7]_sub_2_OUT<7:0>_cy<0> (Msub_operando1[7]_operando2[7]_sub_2_OUT<7:0>_cy<0>)
     MUXCY:CI->O           1   0.023   0.000  Msub_operando1[7]_operando2[7]_sub_2_OUT<7:0>_cy<1> (Msub_operando1[7]_operando2[7]_sub_2_OUT<7:0>_cy<1>)
     MUXCY:CI->O           1   0.023   0.000  Msub_operando1[7]_operando2[7]_sub_2_OUT<7:0>_cy<2> (Msub_operando1[7]_operando2[7]_sub_2_OUT<7:0>_cy<2>)
     MUXCY:CI->O           1   0.023   0.000  Msub_operando1[7]_operando2[7]_sub_2_OUT<7:0>_cy<3> (Msub_operando1[7]_operando2[7]_sub_2_OUT<7:0>_cy<3>)
     MUXCY:CI->O           1   0.023   0.000  Msub_operando1[7]_operando2[7]_sub_2_OUT<7:0>_cy<4> (Msub_operando1[7]_operando2[7]_sub_2_OUT<7:0>_cy<4>)
     MUXCY:CI->O           1   0.023   0.000  Msub_operando1[7]_operando2[7]_sub_2_OUT<7:0>_cy<5> (Msub_operando1[7]_operando2[7]_sub_2_OUT<7:0>_cy<5>)
     MUXCY:CI->O           0   0.023   0.000  Msub_operando1[7]_operando2[7]_sub_2_OUT<7:0>_cy<6> (Msub_operando1[7]_operando2[7]_sub_2_OUT<7:0>_cy<6>)
     XORCY:CI->O           1   0.370   0.379  Msub_operando1[7]_operando2[7]_sub_2_OUT<7:0>_xor<7> (operando1[7]_operando2[7]_sub_2_OUT<7>)
     LUT6:I4->O            1   0.097   0.000  Mmux_resultado_77 (Mmux_resultado_77)
     MUXF7:I0->O           2   0.277   0.299  Mmux_resultado_5_f7_6 (Mmux_resultado_5_f77)
     LUT6:I5->O            1   0.097   0.279  SEL_ALU<3>7 (resultado_7_OBUF)
     OBUF:I->O                 0.000          resultado_7_OBUF (resultado<7>)
    ----------------------------------------
    Total                      2.809ns (1.430ns logic, 1.379ns route)
                                       (50.9% logic, 49.1% route)

=========================================================================

Cross Clock Domains Report:
--------------------------

=========================================================================


Total REAL time to Xst completion: 23.00 secs
Total CPU time to Xst completion: 23.09 secs
 
--> 

Total memory usage is 4616380 kilobytes

Number of errors   :    0 (   0 filtered)
Number of warnings :    8 (   0 filtered)
Number of infos    :    1 (   0 filtered)

