Release 14.7 - xst P.20131013 (nt64)
Copyright (c) 1995-2013 Xilinx, Inc.  All rights reserved.
--> Parameter TMPDIR set to xst/projnav.tmp


Total REAL time to Xst completion: 0.00 secs
Total CPU time to Xst completion: 0.24 secs
 
--> Parameter xsthdpdir set to xst


Total REAL time to Xst completion: 0.00 secs
Total CPU time to Xst completion: 0.25 secs
 
--> Reading design: ArithmeticLogicUnit.prj

TABLE OF CONTENTS
  1) Synthesis Options Summary
  2) HDL Parsing
  3) HDL Elaboration
  4) HDL Synthesis
       4.1) HDL Synthesis Report
  5) Advanced HDL Synthesis
       5.1) Advanced HDL Synthesis Report
  6) Low Level Synthesis
  7) Partition Report
  8) Design Summary
       8.1) Primitive and Black Box Usage
       8.2) Device utilization summary
       8.3) Partition Resource Summary
       8.4) Timing Report
            8.4.1) Clock Information
            8.4.2) Asynchronous Control Signals Information
            8.4.3) Timing Summary
            8.4.4) Timing Details
            8.4.5) Cross Clock Domains Report


=========================================================================
*                      Synthesis Options Summary                        *
=========================================================================
---- Source Parameters
Input File Name                    : "ArithmeticLogicUnit.prj"
Ignore Synthesis Constraint File   : NO

---- Target Parameters
Output File Name                   : "ArithmeticLogicUnit"
Output Format                      : NGC
Target Device                      : xc7a100t-3-csg324

---- Source Options
Top Module Name                    : ArithmeticLogicUnit
Automatic FSM Extraction           : YES
FSM Encoding Algorithm             : Auto
Safe Implementation                : No
FSM Style                          : LUT
RAM Extraction                     : Yes
RAM Style                          : Auto
ROM Extraction                     : Yes
Shift Register Extraction          : YES
ROM Style                          : Auto
Resource Sharing                   : YES
Asynchronous To Synchronous        : NO
Shift Register Minimum Size        : 2
Use DSP Block                      : Auto
Automatic Register Balancing       : No

---- Target Options
LUT Combining                      : Auto
Reduce Control Sets                : Auto
Add IO Buffers                     : YES
Global Maximum Fanout              : 100000
Add Generic Clock Buffer(BUFG)     : 32
Register Duplication               : YES
Optimize Instantiated Primitives   : NO
Use Clock Enable                   : Auto
Use Synchronous Set                : Auto
Use Synchronous Reset              : Auto
Pack IO Registers into IOBs        : Auto
Equivalent register Removal        : YES

---- General Options
Optimization Goal                  : Speed
Optimization Effort                : 1
Power Reduction                    : NO
Keep Hierarchy                     : No
Netlist Hierarchy                  : As_Optimized
RTL Output                         : Yes
Global Optimization                : AllClockNets
Read Cores                         : YES
Write Timing Constraints           : NO
Cross Clock Analysis               : NO
Hierarchy Separator                : /
Bus Delimiter                      : <>
Case Specifier                     : Maintain
Slice Utilization Ratio            : 100
BRAM Utilization Ratio             : 100
DSP48 Utilization Ratio            : 100
Auto BRAM Packing                  : NO
Slice Utilization Ratio Delta      : 5

=========================================================================


=========================================================================
*                          HDL Parsing                                  *
=========================================================================
Parsing VHDL file "C:\Users\Mistakx\Desktop\PEPE-8\PEPE-8\ALU.vhd" into library work
Parsing entity <ArithmeticLogicUnit>.
Parsing architecture <Behavioral> of entity <arithmeticlogicunit>.

=========================================================================
*                            HDL Elaboration                            *
=========================================================================

Elaborating entity <ArithmeticLogicUnit> (architecture <Behavioral>) from library <work>.

=========================================================================
*                           HDL Synthesis                               *
=========================================================================

Synthesizing Unit <ArithmeticLogicUnit>.
    Related source file is "C:\Users\Mistakx\Desktop\PEPE-8\PEPE-8\ALU.vhd".
    Found 8-bit adder for signal <inputA[7]_inputB[7]_add_0_OUT> created at line 59.
    Found 8-bit subtractor for signal <inputA[7]_inputB[7]_sub_2_OUT<7:0>> created at line 62.
    Found 8-bit shifter logical left for signal <inputA[7]_inputB[7]_shift_left_8_OUT> created at line 2973
    Found 8-bit shifter arithmetic right for signal <inputA[7]_inputB[7]_shift_right_9_OUT> created at line 2982
    Found 8-bit 13-to-1 multiplexer for signal <output> created at line 56.
    Summary:
	inferred   1 Adder/Subtractor(s).
	inferred  13 Multiplexer(s).
	inferred   2 Combinational logic shifter(s).
Unit <ArithmeticLogicUnit> synthesized.

=========================================================================
HDL Synthesis Report

Macro Statistics
# Adders/Subtractors                                   : 1
 8-bit addsub                                          : 1
# Multiplexers                                         : 13
 8-bit 2-to-1 multiplexer                              : 13
# Logic shifters                                       : 2
 8-bit shifter arithmetic right                        : 1
 8-bit shifter logical left                            : 1
# Xors                                                 : 1
 8-bit xor2                                            : 1

=========================================================================
INFO:Xst:1767 - HDL ADVISOR - Resource sharing has identified that some arithmetic operations in this design can share the same physical resources for reduced device utilization. For improved clock frequency you may try to disable resource sharing.

=========================================================================
*                       Advanced HDL Synthesis                          *
=========================================================================


=========================================================================
Advanced HDL Synthesis Report

Macro Statistics
# Adders/Subtractors                                   : 1
 8-bit addsub                                          : 1
# Multiplexers                                         : 13
 8-bit 2-to-1 multiplexer                              : 13
# Logic shifters                                       : 2
 8-bit shifter arithmetic right                        : 1
 8-bit shifter logical left                            : 1
# Xors                                                 : 1
 8-bit xor2                                            : 1

=========================================================================

=========================================================================
*                         Low Level Synthesis                           *
=========================================================================

Optimizing unit <ArithmeticLogicUnit> ...

Mapping all equations...
Building and optimizing final netlist ...
Found area constraint ratio of 100 (+ 5) on block ArithmeticLogicUnit, actual ratio is 0.

Final Macro Processing ...

=========================================================================
Final Register Report

Found no macro
=========================================================================

=========================================================================
*                           Partition Report                            *
=========================================================================

Partition Implementation Status
-------------------------------

  No Partitions were found in this design.

-------------------------------

=========================================================================
*                            Design Summary                             *
=========================================================================

Top Level Output File Name         : ArithmeticLogicUnit.ngc

Primitive and Black Box Usage:
------------------------------
# BELS                             : 84
#      LUT2                        : 2
#      LUT3                        : 13
#      LUT4                        : 7
#      LUT5                        : 6
#      LUT6                        : 34
#      MUXCY                       : 7
#      MUXF7                       : 7
#      XORCY                       : 8
# IO Buffers                       : 28
#      IBUF                        : 20
#      OBUF                        : 8

Device utilization summary:
---------------------------

Selected Device : 7a100tcsg324-3 


Slice Logic Utilization: 
 Number of Slice LUTs:                   62  out of  63400     0%  
    Number used as Logic:                62  out of  63400     0%  

Slice Logic Distribution: 
 Number of LUT Flip Flop pairs used:     62
   Number with an unused Flip Flop:      62  out of     62   100%  
   Number with an unused LUT:             0  out of     62     0%  
   Number of fully used LUT-FF pairs:     0  out of     62     0%  
   Number of unique control sets:         0

IO Utilization: 
 Number of IOs:                          28
 Number of bonded IOBs:                  28  out of    210    13%  

Specific Feature Utilization:

---------------------------
Partition Resource Summary:
---------------------------

  No Partitions were found in this design.

---------------------------


=========================================================================
Timing Report

NOTE: THESE TIMING NUMBERS ARE ONLY A SYNTHESIS ESTIMATE.
      FOR ACCURATE TIMING INFORMATION PLEASE REFER TO THE TRACE REPORT
      GENERATED AFTER PLACE-and-ROUTE.

Clock Information:
------------------
No clock signals found in this design

Asynchronous Control Signals Information:
----------------------------------------
No asynchronous control signals found in this design

Timing Summary:
---------------
Speed Grade: -3

   Minimum period: No path found
   Minimum input arrival time before clock: No path found
   Maximum output required time after clock: No path found
   Maximum combinational path delay: 2.974ns

Timing Details:
---------------
All values displayed in nanoseconds (ns)

=========================================================================
Timing constraint: Default path analysis
  Total number of paths / destination ports: 476 / 8
-------------------------------------------------------------------------
Delay:               2.974ns (Levels of Logic = 6)
  Source:            inputB<3> (PAD)
  Destination:       output<6> (PAD)

  Data Path: inputB<3> to output<6>
                                Gate     Net
    Cell:in->out      fanout   Delay   Delay  Logical Name (Net Name)
    ----------------------------------------  ------------
     IBUF:I->O             3   0.001   0.693  inputB_3_IBUF (inputB_3_IBUF)
     LUT5:I0->O           13   0.097   0.749  out1 (_n0036)
     LUT6:I0->O            1   0.097   0.683  Mmux_output12147 (Mmux_output12146)
     LUT6:I1->O            1   0.097   0.000  Mmux_output12149_F (N11)
     MUXF7:I0->O           1   0.277   0.279  Mmux_output12149 (output_6_OBUF)
     OBUF:I->O                 0.000          output_6_OBUF (output<6>)
    ----------------------------------------
    Total                      2.974ns (0.569ns logic, 2.405ns route)
                                       (19.1% logic, 80.9% route)

=========================================================================

Cross Clock Domains Report:
--------------------------

=========================================================================


Total REAL time to Xst completion: 15.00 secs
Total CPU time to Xst completion: 15.08 secs
 
--> 

Total memory usage is 4617440 kilobytes

Number of errors   :    0 (   0 filtered)
Number of warnings :    0 (   0 filtered)
Number of infos    :    1 (   0 filtered)

