ISim log file
Running: C:\Users\Mistakx\Desktop\PEPE-8\PEPE-8\motherboard_test_bench_isim_beh.exe -intstyle ise -gui -tclbatch isim.cmd -wdb C:/Users/Mistakx/Desktop/PEPE-8/PEPE-8/motherboard_test_bench_isim_beh.wdb 
ISim P.20131013 (signature 0x7708f090)
----------------------------------------------------------------------
INFO:Security:50 - The XILINXD_LICENSE_FILE environment variable is set to 'C:\Users\Mistakx\Downloads\Xilinx.lic'.
INFO:Security:53 - The LM_LICENSE_FILE environment variable is not set.
INFO:Security:68a - user is Mistakx, on host MISTAKX.
WARNING:Security:43 - No license file was found in the standard Xilinx license directory.
WARNING:Security:44 - Since no license file was found,
       please run the Xilinx License Configuration Manager
       (xlcm or "Manage Xilinx Licenses")
       to assist in obtaining a license.
ERROR:Security:14 - No feature was available for 'ISIM'.

No such feature exists.
Feature:       ISIM
License path:  C:\Users\Mistakx\Downloads\Xilinx.lic;C:/.Xilinx;C:\Tools\Xilinx\14.7\ISE_DS\ISE\/coregen/core_licenses\Xilinx.lic;C:\Tools\Xilinx\14.7\ISE_DS\ISE\/coregen/core_licenses\XilinxFree.lic;C:\Tools\Xilinx\14.7\ISE_DS\EDK/data/core_licenses\Xilinx.lic;
FLEXnet Licensing error:-5,357
For further information, refer to the FLEXnet Licensing documentation,
available at "www.flexerasoftware.com".
----------------------------------------------------------------------
WARNING: A full ISim License cannot be checked out due to the issues listed above. Please use Xilinx License Configuration Manager to fix these issues in order to check out a full ISim license.
WARNING: ISim will run in Lite mode. Please refer to the ISim documentation for more information on the differences between the Lite and the Full version.
This is a Lite version of ISim.
Time resolution is 1 ps
# onerror resume
# wave add /
# run 1000 ns
Simulator is doing circuit initialization process.
at 0 ps, Instance /motherboard_test_bench/uut/motherboard_processor/processor_banco_de_registos/ : Warning: NUMERIC_STD.TO_INTEGER: metavalue detected, returning 0
at 0 ps, Instance /motherboard_test_bench/uut/motherboard_processor/processor_banco_de_registos/ : Warning: NUMERIC_STD.TO_INTEGER: metavalue detected, returning 0
Finished circuit initialization process.
at 0 ps, Instance /motherboard_test_bench/uut/motherboard_Memoria_de_Dados/ : Warning: NUMERIC_STD.TO_INTEGER: metavalue detected, returning 0
at 0 ps, Instance /motherboard_test_bench/uut/motherboard_processor/processor_banco_de_registos/ : Warning: NUMERIC_STD.TO_INTEGER: metavalue detected, returning 0
at 0 ps, Instance /motherboard_test_bench/uut/motherboard_processor/processor_banco_de_registos/ : Warning: NUMERIC_STD.TO_INTEGER: metavalue detected, returning 0
at 0 ps, Instance /motherboard_test_bench/uut/motherboard_processor/processor_banco_de_registos/ : Warning: NUMERIC_STD.TO_INTEGER: metavalue detected, returning 0
at 0 ps, Instance /motherboard_test_bench/uut/motherboard_processor/processor_banco_de_registos/ : Warning: NUMERIC_STD.TO_INTEGER: metavalue detected, returning 0
at 5 ns(1), Instance /motherboard_test_bench/uut/motherboard_Memoria_de_Dados/ : Warning: NUMERIC_STD.TO_INTEGER: metavalue detected, returning 0
at 5 ns(1), Instance /motherboard_test_bench/uut/motherboard_processor/processor_banco_de_registos/ : Warning: NUMERIC_STD.TO_INTEGER: metavalue detected, returning 0
at 5 ns(1), Instance /motherboard_test_bench/uut/motherboard_processor/processor_banco_de_registos/ : Warning: NUMERIC_STD.TO_INTEGER: metavalue detected, returning 0
at 5 ns(4), Instance /motherboard_test_bench/uut/motherboard_processor/processor_banco_de_registos/ : Warning: NUMERIC_STD.TO_INTEGER: metavalue detected, returning 0
at 10 ns(1), Instance /motherboard_test_bench/uut/motherboard_Memoria_de_Dados/ : Warning: NUMERIC_STD.TO_INTEGER: metavalue detected, returning 0
at 10 ns(1), Instance /motherboard_test_bench/uut/motherboard_processor/processor_banco_de_registos/ : Warning: NUMERIC_STD.TO_INTEGER: metavalue detected, returning 0
at 15 ns(1), Instance /motherboard_test_bench/uut/motherboard_Memoria_de_Dados/ : Warning: NUMERIC_STD.TO_INTEGER: metavalue detected, returning 0
at 15 ns(1), Instance /motherboard_test_bench/uut/motherboard_processor/processor_banco_de_registos/ : Warning: NUMERIC_STD.TO_INTEGER: metavalue detected, returning 0
at 15 ns(4), Instance /motherboard_test_bench/uut/motherboard_processor/processor_banco_de_registos/ : Warning: NUMERIC_STD.TO_INTEGER: metavalue detected, returning 0
at 15 ns(5), Instance /motherboard_test_bench/uut/motherboard_processor/processor_banco_de_registos/ : Warning: NUMERIC_STD.TO_INTEGER: metavalue detected, returning 0
at 20 ns(1), Instance /motherboard_test_bench/uut/motherboard_processor/processor_banco_de_registos/ : Warning: NUMERIC_STD.TO_INTEGER: metavalue detected, returning 0
at 25 ns(1), Instance /motherboard_test_bench/uut/motherboard_processor/processor_banco_de_registos/ : Warning: NUMERIC_STD.TO_INTEGER: metavalue detected, returning 0
at 25 ns(4), Instance /motherboard_test_bench/uut/motherboard_processor/processor_banco_de_registos/ : Warning: NUMERIC_STD.TO_INTEGER: metavalue detected, returning 0
at 30 ns(1), Instance /motherboard_test_bench/uut/motherboard_processor/processor_banco_de_registos/ : Warning: NUMERIC_STD.TO_INTEGER: metavalue detected, returning 0
at 35 ns(1), Instance /motherboard_test_bench/uut/motherboard_processor/processor_banco_de_registos/ : Warning: NUMERIC_STD.TO_INTEGER: metavalue detected, returning 0
at 35 ns(4), Instance /motherboard_test_bench/uut/motherboard_processor/processor_banco_de_registos/ : Warning: NUMERIC_STD.TO_INTEGER: metavalue detected, returning 0
at 40 ns(1), Instance /motherboard_test_bench/uut/motherboard_processor/processor_banco_de_registos/ : Warning: NUMERIC_STD.TO_INTEGER: metavalue detected, returning 0
at 45 ns(1), Instance /motherboard_test_bench/uut/motherboard_processor/processor_banco_de_registos/ : Warning: NUMERIC_STD.TO_INTEGER: metavalue detected, returning 0
at 45 ns(4), Instance /motherboard_test_bench/uut/motherboard_processor/processor_banco_de_registos/ : Warning: NUMERIC_STD.TO_INTEGER: metavalue detected, returning 0
at 50 ns(1), Instance /motherboard_test_bench/uut/motherboard_processor/processor_banco_de_registos/ : Warning: NUMERIC_STD.TO_INTEGER: metavalue detected, returning 0
at 55 ns(1), Instance /motherboard_test_bench/uut/motherboard_processor/processor_banco_de_registos/ : Warning: NUMERIC_STD.TO_INTEGER: metavalue detected, returning 0
at 55 ns(4), Instance /motherboard_test_bench/uut/motherboard_processor/processor_banco_de_registos/ : Warning: NUMERIC_STD.TO_INTEGER: metavalue detected, returning 0
at 60 ns(1), Instance /motherboard_test_bench/uut/motherboard_processor/processor_banco_de_registos/ : Warning: NUMERIC_STD.TO_INTEGER: metavalue detected, returning 0
at 65 ns(1), Instance /motherboard_test_bench/uut/motherboard_processor/processor_banco_de_registos/ : Warning: NUMERIC_STD.TO_INTEGER: metavalue detected, returning 0
at 65 ns(4), Instance /motherboard_test_bench/uut/motherboard_processor/processor_banco_de_registos/ : Warning: NUMERIC_STD.TO_INTEGER: metavalue detected, returning 0
at 70 ns(1), Instance /motherboard_test_bench/uut/motherboard_processor/processor_banco_de_registos/ : Warning: NUMERIC_STD.TO_INTEGER: metavalue detected, returning 0
at 75 ns(1), Instance /motherboard_test_bench/uut/motherboard_processor/processor_banco_de_registos/ : Warning: NUMERIC_STD.TO_INTEGER: metavalue detected, returning 0
at 75 ns(4), Instance /motherboard_test_bench/uut/motherboard_processor/processor_banco_de_registos/ : Warning: NUMERIC_STD.TO_INTEGER: metavalue detected, returning 0
at 80 ns(1), Instance /motherboard_test_bench/uut/motherboard_processor/processor_banco_de_registos/ : Warning: NUMERIC_STD.TO_INTEGER: metavalue detected, returning 0
at 85 ns(1), Instance /motherboard_test_bench/uut/motherboard_processor/processor_banco_de_registos/ : Warning: NUMERIC_STD.TO_INTEGER: metavalue detected, returning 0
at 85 ns(4), Instance /motherboard_test_bench/uut/motherboard_processor/processor_banco_de_registos/ : Warning: NUMERIC_STD.TO_INTEGER: metavalue detected, returning 0
at 90 ns(1), Instance /motherboard_test_bench/uut/motherboard_processor/processor_banco_de_registos/ : Warning: NUMERIC_STD.TO_INTEGER: metavalue detected, returning 0
at 95 ns(1), Instance /motherboard_test_bench/uut/motherboard_processor/processor_banco_de_registos/ : Warning: NUMERIC_STD.TO_INTEGER: metavalue detected, returning 0
at 95 ns(4), Instance /motherboard_test_bench/uut/motherboard_processor/processor_banco_de_registos/ : Warning: NUMERIC_STD.TO_INTEGER: metavalue detected, returning 0
at 100 ns(1), Instance /motherboard_test_bench/uut/motherboard_processor/processor_banco_de_registos/ : Warning: NUMERIC_STD.TO_INTEGER: metavalue detected, returning 0
at 105 ns(1), Instance /motherboard_test_bench/uut/motherboard_processor/processor_banco_de_registos/ : Warning: NUMERIC_STD.TO_INTEGER: metavalue detected, returning 0
at 105 ns(4), Instance /motherboard_test_bench/uut/motherboard_processor/processor_banco_de_registos/ : Warning: NUMERIC_STD.TO_INTEGER: metavalue detected, returning 0
at 105 ns(4), Instance /motherboard_test_bench/uut/motherboard_Memoria_de_Dados/ : Warning: NUMERIC_STD.TO_INTEGER: metavalue detected, returning 0
at 105 ns(5), Instance /motherboard_test_bench/uut/motherboard_processor/processor_banco_de_registos/ : Warning: NUMERIC_STD.TO_INTEGER: metavalue detected, returning 0
at 105 ns(6), Instance /motherboard_test_bench/uut/motherboard_Memoria_de_Dados/ : Warning: NUMERIC_STD.TO_INTEGER: metavalue detected, returning 0
at 110 ns(1), Instance /motherboard_test_bench/uut/motherboard_Memoria_de_Dados/ : Warning: NUMERIC_STD.TO_INTEGER: metavalue detected, returning 0
at 110 ns(1), Instance /motherboard_test_bench/uut/motherboard_processor/processor_banco_de_registos/ : Warning: NUMERIC_STD.TO_INTEGER: metavalue detected, returning 0
at 115 ns(1), Instance /motherboard_test_bench/uut/motherboard_Memoria_de_Dados/ : Warning: NUMERIC_STD.TO_INTEGER: metavalue detected, returning 0
at 115 ns(1), Instance /motherboard_test_bench/uut/motherboard_processor/processor_banco_de_registos/ : Warning: NUMERIC_STD.TO_INTEGER: metavalue detected, returning 0
at 115 ns(3), Instance /motherboard_test_bench/uut/motherboard_Memoria_de_Dados/ : Warning: NUMERIC_STD.TO_INTEGER: metavalue detected, returning 0
at 115 ns(4), Instance /motherboard_test_bench/uut/motherboard_processor/processor_banco_de_registos/ : Warning: NUMERIC_STD.TO_INTEGER: metavalue detected, returning 0
at 115 ns(6), Instance /motherboard_test_bench/uut/motherboard_Memoria_de_Dados/ : Warning: NUMERIC_STD.TO_INTEGER: metavalue detected, returning 0
at 120 ns(1), Instance /motherboard_test_bench/uut/motherboard_Memoria_de_Dados/ : Warning: NUMERIC_STD.TO_INTEGER: metavalue detected, returning 0
at 120 ns(1), Instance /motherboard_test_bench/uut/motherboard_processor/processor_banco_de_registos/ : Warning: NUMERIC_STD.TO_INTEGER: metavalue detected, returning 0
at 125 ns(1), Instance /motherboard_test_bench/uut/motherboard_Memoria_de_Dados/ : Warning: NUMERIC_STD.TO_INTEGER: metavalue detected, returning 0
at 125 ns(1), Instance /motherboard_test_bench/uut/motherboard_processor/processor_banco_de_registos/ : Warning: NUMERIC_STD.TO_INTEGER: metavalue detected, returning 0
at 125 ns(3), Instance /motherboard_test_bench/uut/motherboard_Memoria_de_Dados/ : Warning: NUMERIC_STD.TO_INTEGER: metavalue detected, returning 0
at 125 ns(4), Instance /motherboard_test_bench/uut/motherboard_processor/processor_banco_de_registos/ : Warning: NUMERIC_STD.TO_INTEGER: metavalue detected, returning 0
at 125 ns(5), Instance /motherboard_test_bench/uut/motherboard_processor/processor_banco_de_registos/ : Warning: NUMERIC_STD.TO_INTEGER: metavalue detected, returning 0
at 125 ns(6), Instance /motherboard_test_bench/uut/motherboard_Memoria_de_Dados/ : Warning: NUMERIC_STD.TO_INTEGER: metavalue detected, returning 0
at 130 ns(1), Instance /motherboard_test_bench/uut/motherboard_Memoria_de_Dados/ : Warning: NUMERIC_STD.TO_INTEGER: metavalue detected, returning 0
at 130 ns(1), Instance /motherboard_test_bench/uut/motherboard_processor/processor_banco_de_registos/ : Warning: NUMERIC_STD.TO_INTEGER: metavalue detected, returning 0
at 135 ns(1), Instance /motherboard_test_bench/uut/motherboard_Memoria_de_Dados/ : Warning: NUMERIC_STD.TO_INTEGER: metavalue detected, returning 0
at 135 ns(1), Instance /motherboard_test_bench/uut/motherboard_processor/processor_banco_de_registos/ : Warning: NUMERIC_STD.TO_INTEGER: metavalue detected, returning 0
at 135 ns(4), Instance /motherboard_test_bench/uut/motherboard_processor/processor_banco_de_registos/ : Warning: NUMERIC_STD.TO_INTEGER: metavalue detected, returning 0
at 135 ns(5), Instance /motherboard_test_bench/uut/motherboard_processor/processor_banco_de_registos/ : Warning: NUMERIC_STD.TO_INTEGER: metavalue detected, returning 0
at 140 ns(1), Instance /motherboard_test_bench/uut/motherboard_processor/processor_banco_de_registos/ : Warning: NUMERIC_STD.TO_INTEGER: metavalue detected, returning 0
at 145 ns(1), Instance /motherboard_test_bench/uut/motherboard_processor/processor_banco_de_registos/ : Warning: NUMERIC_STD.TO_INTEGER: metavalue detected, returning 0
at 145 ns(3), Instance /motherboard_test_bench/uut/motherboard_Memoria_de_Dados/ : Warning: NUMERIC_STD.TO_INTEGER: metavalue detected, returning 0
at 145 ns(6), Instance /motherboard_test_bench/uut/motherboard_Memoria_de_Dados/ : Warning: NUMERIC_STD.TO_INTEGER: metavalue detected, returning 0
at 150 ns(1), Instance /motherboard_test_bench/uut/motherboard_Memoria_de_Dados/ : Warning: NUMERIC_STD.TO_INTEGER: metavalue detected, returning 0
at 155 ns(1), Instance /motherboard_test_bench/uut/motherboard_Memoria_de_Dados/ : Warning: NUMERIC_STD.TO_INTEGER: metavalue detected, returning 0
at 155 ns(3), Instance /motherboard_test_bench/uut/motherboard_Memoria_de_Dados/ : Warning: NUMERIC_STD.TO_INTEGER: metavalue detected, returning 0
at 160 ns(1), Instance /motherboard_test_bench/uut/motherboard_Memoria_de_Dados/ : Warning: NUMERIC_STD.TO_INTEGER: metavalue detected, returning 0
at 165 ns(1), Instance /motherboard_test_bench/uut/motherboard_Memoria_de_Dados/ : Warning: NUMERIC_STD.TO_INTEGER: metavalue detected, returning 0
at 165 ns(3), Instance /motherboard_test_bench/uut/motherboard_Memoria_de_Dados/ : Warning: NUMERIC_STD.TO_INTEGER: metavalue detected, returning 0
at 165 ns(6), Instance /motherboard_test_bench/uut/motherboard_Memoria_de_Dados/ : Warning: NUMERIC_STD.TO_INTEGER: metavalue detected, returning 0
at 170 ns(1), Instance /motherboard_test_bench/uut/motherboard_Memoria_de_Dados/ : Warning: NUMERIC_STD.TO_INTEGER: metavalue detected, returning 0
at 175 ns(1), Instance /motherboard_test_bench/uut/motherboard_Memoria_de_Dados/ : Warning: NUMERIC_STD.TO_INTEGER: metavalue detected, returning 0
at 175 ns(3), Instance /motherboard_test_bench/uut/motherboard_Memoria_de_Dados/ : Warning: NUMERIC_STD.TO_INTEGER: metavalue detected, returning 0
at 175 ns(6), Instance /motherboard_test_bench/uut/motherboard_Memoria_de_Dados/ : Warning: NUMERIC_STD.TO_INTEGER: metavalue detected, returning 0
at 180 ns(1), Instance /motherboard_test_bench/uut/motherboard_Memoria_de_Dados/ : Warning: NUMERIC_STD.TO_INTEGER: metavalue detected, returning 0
at 185 ns(1), Instance /motherboard_test_bench/uut/motherboard_Memoria_de_Dados/ : Warning: NUMERIC_STD.TO_INTEGER: metavalue detected, returning 0
at 185 ns(3), Instance /motherboard_test_bench/uut/motherboard_Memoria_de_Dados/ : Warning: NUMERIC_STD.TO_INTEGER: metavalue detected, returning 0
at 190 ns(1), Instance /motherboard_test_bench/uut/motherboard_Memoria_de_Dados/ : Warning: NUMERIC_STD.TO_INTEGER: metavalue detected, returning 0
at 195 ns(1), Instance /motherboard_test_bench/uut/motherboard_Memoria_de_Dados/ : Warning: NUMERIC_STD.TO_INTEGER: metavalue detected, returning 0
at 195 ns(3), Instance /motherboard_test_bench/uut/motherboard_Memoria_de_Dados/ : Warning: NUMERIC_STD.TO_INTEGER: metavalue detected, returning 0
at 200 ns(1), Instance /motherboard_test_bench/uut/motherboard_Memoria_de_Dados/ : Warning: NUMERIC_STD.TO_INTEGER: metavalue detected, returning 0
at 205 ns(1), Instance /motherboard_test_bench/uut/motherboard_Memoria_de_Dados/ : Warning: NUMERIC_STD.TO_INTEGER: metavalue detected, returning 0
at 205 ns(3), Instance /motherboard_test_bench/uut/motherboard_Memoria_de_Dados/ : Warning: NUMERIC_STD.TO_INTEGER: metavalue detected, returning 0
at 210 ns(1), Instance /motherboard_test_bench/uut/motherboard_Memoria_de_Dados/ : Warning: NUMERIC_STD.TO_INTEGER: metavalue detected, returning 0
at 215 ns(1), Instance /motherboard_test_bench/uut/motherboard_Memoria_de_Dados/ : Warning: NUMERIC_STD.TO_INTEGER: metavalue detected, returning 0
at 215 ns(3), Instance /motherboard_test_bench/uut/motherboard_Memoria_de_Dados/ : Warning: NUMERIC_STD.TO_INTEGER: metavalue detected, returning 0
at 220 ns(1), Instance /motherboard_test_bench/uut/motherboard_Memoria_de_Dados/ : Warning: NUMERIC_STD.TO_INTEGER: metavalue detected, returning 0
at 225 ns(1), Instance /motherboard_test_bench/uut/motherboard_Memoria_de_Dados/ : Warning: NUMERIC_STD.TO_INTEGER: metavalue detected, returning 0
at 225 ns(3), Instance /motherboard_test_bench/uut/motherboard_Memoria_de_Dados/ : Warning: NUMERIC_STD.TO_INTEGER: metavalue detected, returning 0
at 230 ns(1), Instance /motherboard_test_bench/uut/motherboard_Memoria_de_Dados/ : Warning: NUMERIC_STD.TO_INTEGER: metavalue detected, returning 0
at 235 ns(1), Instance /motherboard_test_bench/uut/motherboard_Memoria_de_Dados/ : Warning: NUMERIC_STD.TO_INTEGER: metavalue detected, returning 0
at 235 ns(3), Instance /motherboard_test_bench/uut/motherboard_Memoria_de_Dados/ : Warning: NUMERIC_STD.TO_INTEGER: metavalue detected, returning 0
at 235 ns(6), Instance /motherboard_test_bench/uut/motherboard_Memoria_de_Dados/ : Warning: NUMERIC_STD.TO_INTEGER: metavalue detected, returning 0
at 240 ns(1), Instance /motherboard_test_bench/uut/motherboard_Memoria_de_Dados/ : Warning: NUMERIC_STD.TO_INTEGER: metavalue detected, returning 0
at 245 ns(1), Instance /motherboard_test_bench/uut/motherboard_Memoria_de_Dados/ : Warning: NUMERIC_STD.TO_INTEGER: metavalue detected, returning 0
at 245 ns(3), Instance /motherboard_test_bench/uut/motherboard_Memoria_de_Dados/ : Warning: NUMERIC_STD.TO_INTEGER: metavalue detected, returning 0
at 250 ns(1), Instance /motherboard_test_bench/uut/motherboard_Memoria_de_Dados/ : Warning: NUMERIC_STD.TO_INTEGER: metavalue detected, returning 0
at 255 ns(1), Instance /motherboard_test_bench/uut/motherboard_Memoria_de_Dados/ : Warning: NUMERIC_STD.TO_INTEGER: metavalue detected, returning 0
at 255 ns(3), Instance /motherboard_test_bench/uut/motherboard_Memoria_de_Dados/ : Warning: NUMERIC_STD.TO_INTEGER: metavalue detected, returning 0
at 255 ns(6), Instance /motherboard_test_bench/uut/motherboard_Memoria_de_Dados/ : Warning: NUMERIC_STD.TO_INTEGER: metavalue detected, returning 0
at 260 ns(1), Instance /motherboard_test_bench/uut/motherboard_Memoria_de_Dados/ : Warning: NUMERIC_STD.TO_INTEGER: metavalue detected, returning 0
at 265 ns(1), Instance /motherboard_test_bench/uut/motherboard_Memoria_de_Dados/ : Warning: NUMERIC_STD.TO_INTEGER: metavalue detected, returning 0
at 265 ns(4), Instance /motherboard_test_bench/uut/motherboard_processor/processor_banco_de_registos/ : Warning: NUMERIC_STD.TO_INTEGER: metavalue detected, returning 0
at 265 ns(4), Instance /motherboard_test_bench/uut/motherboard_processor/processor_banco_de_registos/ : Warning: NUMERIC_STD.TO_INTEGER: metavalue detected, returning 0
at 270 ns(1), Instance /motherboard_test_bench/uut/motherboard_processor/processor_banco_de_registos/ : Warning: NUMERIC_STD.TO_INTEGER: metavalue detected, returning 0
at 270 ns(1), Instance /motherboard_test_bench/uut/motherboard_processor/processor_banco_de_registos/ : Warning: NUMERIC_STD.TO_INTEGER: metavalue detected, returning 0
at 275 ns(1), Instance /motherboard_test_bench/uut/motherboard_processor/processor_banco_de_registos/ : Warning: NUMERIC_STD.TO_INTEGER: metavalue detected, returning 0
at 275 ns(1), Instance /motherboard_test_bench/uut/motherboard_processor/processor_banco_de_registos/ : Warning: NUMERIC_STD.TO_INTEGER: metavalue detected, returning 0
at 275 ns(3), Instance /motherboard_test_bench/uut/motherboard_Memoria_de_Dados/ : Warning: NUMERIC_STD.TO_INTEGER: metavalue detected, returning 0
at 275 ns(6), Instance /motherboard_test_bench/uut/motherboard_Memoria_de_Dados/ : Warning: NUMERIC_STD.TO_INTEGER: metavalue detected, returning 0
at 280 ns(1), Instance /motherboard_test_bench/uut/motherboard_Memoria_de_Dados/ : Warning: NUMERIC_STD.TO_INTEGER: metavalue detected, returning 0
at 285 ns(1), Instance /motherboard_test_bench/uut/motherboard_Memoria_de_Dados/ : Warning: NUMERIC_STD.TO_INTEGER: metavalue detected, returning 0
at 285 ns(4), Instance /motherboard_test_bench/uut/motherboard_processor/processor_banco_de_registos/ : Warning: NUMERIC_STD.TO_INTEGER: metavalue detected, returning 0
at 285 ns(4), Instance /motherboard_test_bench/uut/motherboard_processor/processor_banco_de_registos/ : Warning: NUMERIC_STD.TO_INTEGER: metavalue detected, returning 0
at 290 ns(1), Instance /motherboard_test_bench/uut/motherboard_processor/processor_banco_de_registos/ : Warning: NUMERIC_STD.TO_INTEGER: metavalue detected, returning 0
at 290 ns(1), Instance /motherboard_test_bench/uut/motherboard_processor/processor_banco_de_registos/ : Warning: NUMERIC_STD.TO_INTEGER: metavalue detected, returning 0
at 295 ns(1), Instance /motherboard_test_bench/uut/motherboard_processor/processor_banco_de_registos/ : Warning: NUMERIC_STD.TO_INTEGER: metavalue detected, returning 0
at 295 ns(1), Instance /motherboard_test_bench/uut/motherboard_processor/processor_banco_de_registos/ : Warning: NUMERIC_STD.TO_INTEGER: metavalue detected, returning 0
at 295 ns(4), Instance /motherboard_test_bench/uut/motherboard_processor/processor_banco_de_registos/ : Warning: NUMERIC_STD.TO_INTEGER: metavalue detected, returning 0
at 300 ns(1), Instance /motherboard_test_bench/uut/motherboard_processor/processor_banco_de_registos/ : Warning: NUMERIC_STD.TO_INTEGER: metavalue detected, returning 0
at 305 ns(1), Instance /motherboard_test_bench/uut/motherboard_processor/processor_banco_de_registos/ : Warning: NUMERIC_STD.TO_INTEGER: metavalue detected, returning 0
at 305 ns(3), Instance /motherboard_test_bench/uut/motherboard_Memoria_de_Dados/ : Warning: NUMERIC_STD.TO_INTEGER: metavalue detected, returning 0
at 305 ns(4), Instance /motherboard_test_bench/uut/motherboard_processor/processor_banco_de_registos/ : Warning: NUMERIC_STD.TO_INTEGER: metavalue detected, returning 0
at 305 ns(5), Instance /motherboard_test_bench/uut/motherboard_processor/processor_banco_de_registos/ : Warning: NUMERIC_STD.TO_INTEGER: metavalue detected, returning 0
at 305 ns(6), Instance /motherboard_test_bench/uut/motherboard_Memoria_de_Dados/ : Warning: NUMERIC_STD.TO_INTEGER: metavalue detected, returning 0
at 310 ns(1), Instance /motherboard_test_bench/uut/motherboard_Memoria_de_Dados/ : Warning: NUMERIC_STD.TO_INTEGER: metavalue detected, returning 0
at 310 ns(1), Instance /motherboard_test_bench/uut/motherboard_processor/processor_banco_de_registos/ : Warning: NUMERIC_STD.TO_INTEGER: metavalue detected, returning 0
at 315 ns(1), Instance /motherboard_test_bench/uut/motherboard_Memoria_de_Dados/ : Warning: NUMERIC_STD.TO_INTEGER: metavalue detected, returning 0
at 315 ns(1), Instance /motherboard_test_bench/uut/motherboard_processor/processor_banco_de_registos/ : Warning: NUMERIC_STD.TO_INTEGER: metavalue detected, returning 0
at 315 ns(4), Instance /motherboard_test_bench/uut/motherboard_processor/processor_banco_de_registos/ : Warning: NUMERIC_STD.TO_INTEGER: metavalue detected, returning 0
at 315 ns(5), Instance /motherboard_test_bench/uut/motherboard_processor/processor_banco_de_registos/ : Warning: NUMERIC_STD.TO_INTEGER: metavalue detected, returning 0
at 320 ns(1), Instance /motherboard_test_bench/uut/motherboard_processor/processor_banco_de_registos/ : Warning: NUMERIC_STD.TO_INTEGER: metavalue detected, returning 0
at 325 ns(1), Instance /motherboard_test_bench/uut/motherboard_processor/processor_banco_de_registos/ : Warning: NUMERIC_STD.TO_INTEGER: metavalue detected, returning 0
at 325 ns(4), Instance /motherboard_test_bench/uut/motherboard_processor/processor_banco_de_registos/ : Warning: NUMERIC_STD.TO_INTEGER: metavalue detected, returning 0
at 330 ns(1), Instance /motherboard_test_bench/uut/motherboard_processor/processor_banco_de_registos/ : Warning: NUMERIC_STD.TO_INTEGER: metavalue detected, returning 0
at 335 ns(1), Instance /motherboard_test_bench/uut/motherboard_processor/processor_banco_de_registos/ : Warning: NUMERIC_STD.TO_INTEGER: metavalue detected, returning 0
at 335 ns(4), Instance /motherboard_test_bench/uut/motherboard_processor/processor_banco_de_registos/ : Warning: NUMERIC_STD.TO_INTEGER: metavalue detected, returning 0
at 340 ns(1), Instance /motherboard_test_bench/uut/motherboard_processor/processor_banco_de_registos/ : Warning: NUMERIC_STD.TO_INTEGER: metavalue detected, returning 0
at 345 ns(1), Instance /motherboard_test_bench/uut/motherboard_processor/processor_banco_de_registos/ : Warning: NUMERIC_STD.TO_INTEGER: metavalue detected, returning 0
at 345 ns(4), Instance /motherboard_test_bench/uut/motherboard_processor/processor_banco_de_registos/ : Warning: NUMERIC_STD.TO_INTEGER: metavalue detected, returning 0
at 350 ns(1), Instance /motherboard_test_bench/uut/motherboard_processor/processor_banco_de_registos/ : Warning: NUMERIC_STD.TO_INTEGER: metavalue detected, returning 0
at 355 ns(1), Instance /motherboard_test_bench/uut/motherboard_processor/processor_banco_de_registos/ : Warning: NUMERIC_STD.TO_INTEGER: metavalue detected, returning 0
at 355 ns(4), Instance /motherboard_test_bench/uut/motherboard_processor/processor_banco_de_registos/ : Warning: NUMERIC_STD.TO_INTEGER: metavalue detected, returning 0
at 360 ns(1), Instance /motherboard_test_bench/uut/motherboard_processor/processor_banco_de_registos/ : Warning: NUMERIC_STD.TO_INTEGER: metavalue detected, returning 0
at 365 ns(1), Instance /motherboard_test_bench/uut/motherboard_processor/processor_banco_de_registos/ : Warning: NUMERIC_STD.TO_INTEGER: metavalue detected, returning 0
at 365 ns(4), Instance /motherboard_test_bench/uut/motherboard_processor/processor_banco_de_registos/ : Warning: NUMERIC_STD.TO_INTEGER: metavalue detected, returning 0
at 370 ns(1), Instance /motherboard_test_bench/uut/motherboard_processor/processor_banco_de_registos/ : Warning: NUMERIC_STD.TO_INTEGER: metavalue detected, returning 0
at 375 ns(1), Instance /motherboard_test_bench/uut/motherboard_processor/processor_banco_de_registos/ : Warning: NUMERIC_STD.TO_INTEGER: metavalue detected, returning 0
at 375 ns(4), Instance /motherboard_test_bench/uut/motherboard_processor/processor_banco_de_registos/ : Warning: NUMERIC_STD.TO_INTEGER: metavalue detected, returning 0
at 380 ns(1), Instance /motherboard_test_bench/uut/motherboard_processor/processor_banco_de_registos/ : Warning: NUMERIC_STD.TO_INTEGER: metavalue detected, returning 0
at 385 ns(1), Instance /motherboard_test_bench/uut/motherboard_processor/processor_banco_de_registos/ : Warning: NUMERIC_STD.TO_INTEGER: metavalue detected, returning 0
at 385 ns(4), Instance /motherboard_test_bench/uut/motherboard_processor/processor_banco_de_registos/ : Warning: NUMERIC_STD.TO_INTEGER: metavalue detected, returning 0
at 390 ns(1), Instance /motherboard_test_bench/uut/motherboard_processor/processor_banco_de_registos/ : Warning: NUMERIC_STD.TO_INTEGER: metavalue detected, returning 0
at 395 ns(1), Instance /motherboard_test_bench/uut/motherboard_processor/processor_banco_de_registos/ : Warning: NUMERIC_STD.TO_INTEGER: metavalue detected, returning 0
at 395 ns(4), Instance /motherboard_test_bench/uut/motherboard_processor/processor_banco_de_registos/ : Warning: NUMERIC_STD.TO_INTEGER: metavalue detected, returning 0
at 400 ns(1), Instance /motherboard_test_bench/uut/motherboard_processor/processor_banco_de_registos/ : Warning: NUMERIC_STD.TO_INTEGER: metavalue detected, returning 0
at 405 ns(1), Instance /motherboard_test_bench/uut/motherboard_processor/processor_banco_de_registos/ : Warning: NUMERIC_STD.TO_INTEGER: metavalue detected, returning 0
at 405 ns(4), Instance /motherboard_test_bench/uut/motherboard_processor/processor_banco_de_registos/ : Warning: NUMERIC_STD.TO_INTEGER: metavalue detected, returning 0
at 405 ns(4), Instance /motherboard_test_bench/uut/motherboard_Memoria_de_Dados/ : Warning: NUMERIC_STD.TO_INTEGER: metavalue detected, returning 0
at 405 ns(5), Instance /motherboard_test_bench/uut/motherboard_processor/processor_banco_de_registos/ : Warning: NUMERIC_STD.TO_INTEGER: metavalue detected, returning 0
at 405 ns(6), Instance /motherboard_test_bench/uut/motherboard_Memoria_de_Dados/ : Warning: NUMERIC_STD.TO_INTEGER: metavalue detected, returning 0
at 410 ns(1), Instance /motherboard_test_bench/uut/motherboard_Memoria_de_Dados/ : Warning: NUMERIC_STD.TO_INTEGER: metavalue detected, returning 0
at 410 ns(1), Instance /motherboard_test_bench/uut/motherboard_processor/processor_banco_de_registos/ : Warning: NUMERIC_STD.TO_INTEGER: metavalue detected, returning 0
at 415 ns(1), Instance /motherboard_test_bench/uut/motherboard_Memoria_de_Dados/ : Warning: NUMERIC_STD.TO_INTEGER: metavalue detected, returning 0
at 415 ns(1), Instance /motherboard_test_bench/uut/motherboard_processor/processor_banco_de_registos/ : Warning: NUMERIC_STD.TO_INTEGER: metavalue detected, returning 0
at 415 ns(3), Instance /motherboard_test_bench/uut/motherboard_Memoria_de_Dados/ : Warning: NUMERIC_STD.TO_INTEGER: metavalue detected, returning 0
at 415 ns(4), Instance /motherboard_test_bench/uut/motherboard_processor/processor_banco_de_registos/ : Warning: NUMERIC_STD.TO_INTEGER: metavalue detected, returning 0
at 415 ns(6), Instance /motherboard_test_bench/uut/motherboard_Memoria_de_Dados/ : Warning: NUMERIC_STD.TO_INTEGER: metavalue detected, returning 0
at 420 ns(1), Instance /motherboard_test_bench/uut/motherboard_Memoria_de_Dados/ : Warning: NUMERIC_STD.TO_INTEGER: metavalue detected, returning 0
at 420 ns(1), Instance /motherboard_test_bench/uut/motherboard_processor/processor_banco_de_registos/ : Warning: NUMERIC_STD.TO_INTEGER: metavalue detected, returning 0
at 425 ns(1), Instance /motherboard_test_bench/uut/motherboard_Memoria_de_Dados/ : Warning: NUMERIC_STD.TO_INTEGER: metavalue detected, returning 0
at 425 ns(1), Instance /motherboard_test_bench/uut/motherboard_processor/processor_banco_de_registos/ : Warning: NUMERIC_STD.TO_INTEGER: metavalue detected, returning 0
at 425 ns(3), Instance /motherboard_test_bench/uut/motherboard_Memoria_de_Dados/ : Warning: NUMERIC_STD.TO_INTEGER: metavalue detected, returning 0
at 425 ns(4), Instance /motherboard_test_bench/uut/motherboard_processor/processor_banco_de_registos/ : Warning: NUMERIC_STD.TO_INTEGER: metavalue detected, returning 0
at 425 ns(5), Instance /motherboard_test_bench/uut/motherboard_processor/processor_banco_de_registos/ : Warning: NUMERIC_STD.TO_INTEGER: metavalue detected, returning 0
at 425 ns(6), Instance /motherboard_test_bench/uut/motherboard_Memoria_de_Dados/ : Warning: NUMERIC_STD.TO_INTEGER: metavalue detected, returning 0
at 430 ns(1), Instance /motherboard_test_bench/uut/motherboard_Memoria_de_Dados/ : Warning: NUMERIC_STD.TO_INTEGER: metavalue detected, returning 0
at 430 ns(1), Instance /motherboard_test_bench/uut/motherboard_processor/processor_banco_de_registos/ : Warning: NUMERIC_STD.TO_INTEGER: metavalue detected, returning 0
at 435 ns(1), Instance /motherboard_test_bench/uut/motherboard_Memoria_de_Dados/ : Warning: NUMERIC_STD.TO_INTEGER: metavalue detected, returning 0
at 435 ns(1), Instance /motherboard_test_bench/uut/motherboard_processor/processor_banco_de_registos/ : Warning: NUMERIC_STD.TO_INTEGER: metavalue detected, returning 0
at 435 ns(4), Instance /motherboard_test_bench/uut/motherboard_processor/processor_banco_de_registos/ : Warning: NUMERIC_STD.TO_INTEGER: metavalue detected, returning 0
at 435 ns(5), Instance /motherboard_test_bench/uut/motherboard_processor/processor_banco_de_registos/ : Warning: NUMERIC_STD.TO_INTEGER: metavalue detected, returning 0
at 440 ns(1), Instance /motherboard_test_bench/uut/motherboard_processor/processor_banco_de_registos/ : Warning: NUMERIC_STD.TO_INTEGER: metavalue detected, returning 0
at 445 ns(1), Instance /motherboard_test_bench/uut/motherboard_processor/processor_banco_de_registos/ : Warning: NUMERIC_STD.TO_INTEGER: metavalue detected, returning 0
at 445 ns(3), Instance /motherboard_test_bench/uut/motherboard_Memoria_de_Dados/ : Warning: NUMERIC_STD.TO_INTEGER: metavalue detected, returning 0
at 445 ns(6), Instance /motherboard_test_bench/uut/motherboard_Memoria_de_Dados/ : Warning: NUMERIC_STD.TO_INTEGER: metavalue detected, returning 0
at 450 ns(1), Instance /motherboard_test_bench/uut/motherboard_Memoria_de_Dados/ : Warning: NUMERIC_STD.TO_INTEGER: metavalue detected, returning 0
at 455 ns(1), Instance /motherboard_test_bench/uut/motherboard_Memoria_de_Dados/ : Warning: NUMERIC_STD.TO_INTEGER: metavalue detected, returning 0
at 455 ns(3), Instance /motherboard_test_bench/uut/motherboard_Memoria_de_Dados/ : Warning: NUMERIC_STD.TO_INTEGER: metavalue detected, returning 0
at 460 ns(1), Instance /motherboard_test_bench/uut/motherboard_Memoria_de_Dados/ : Warning: NUMERIC_STD.TO_INTEGER: metavalue detected, returning 0
at 465 ns(1), Instance /motherboard_test_bench/uut/motherboard_Memoria_de_Dados/ : Warning: NUMERIC_STD.TO_INTEGER: metavalue detected, returning 0
at 465 ns(3), Instance /motherboard_test_bench/uut/motherboard_Memoria_de_Dados/ : Warning: NUMERIC_STD.TO_INTEGER: metavalue detected, returning 0
at 465 ns(6), Instance /motherboard_test_bench/uut/motherboard_Memoria_de_Dados/ : Warning: NUMERIC_STD.TO_INTEGER: metavalue detected, returning 0
at 470 ns(1), Instance /motherboard_test_bench/uut/motherboard_Memoria_de_Dados/ : Warning: NUMERIC_STD.TO_INTEGER: metavalue detected, returning 0
at 475 ns(1), Instance /motherboard_test_bench/uut/motherboard_Memoria_de_Dados/ : Warning: NUMERIC_STD.TO_INTEGER: metavalue detected, returning 0
at 475 ns(3), Instance /motherboard_test_bench/uut/motherboard_Memoria_de_Dados/ : Warning: NUMERIC_STD.TO_INTEGER: metavalue detected, returning 0
at 475 ns(6), Instance /motherboard_test_bench/uut/motherboard_Memoria_de_Dados/ : Warning: NUMERIC_STD.TO_INTEGER: metavalue detected, returning 0
at 480 ns(1), Instance /motherboard_test_bench/uut/motherboard_Memoria_de_Dados/ : Warning: NUMERIC_STD.TO_INTEGER: metavalue detected, returning 0
at 485 ns(1), Instance /motherboard_test_bench/uut/motherboard_Memoria_de_Dados/ : Warning: NUMERIC_STD.TO_INTEGER: metavalue detected, returning 0
at 485 ns(3), Instance /motherboard_test_bench/uut/motherboard_Memoria_de_Dados/ : Warning: NUMERIC_STD.TO_INTEGER: metavalue detected, returning 0
at 490 ns(1), Instance /motherboard_test_bench/uut/motherboard_Memoria_de_Dados/ : Warning: NUMERIC_STD.TO_INTEGER: metavalue detected, returning 0
at 495 ns(1), Instance /motherboard_test_bench/uut/motherboard_Memoria_de_Dados/ : Warning: NUMERIC_STD.TO_INTEGER: metavalue detected, returning 0
at 495 ns(3), Instance /motherboard_test_bench/uut/motherboard_Memoria_de_Dados/ : Warning: NUMERIC_STD.TO_INTEGER: metavalue detected, returning 0
at 500 ns(1), Instance /motherboard_test_bench/uut/motherboard_Memoria_de_Dados/ : Warning: NUMERIC_STD.TO_INTEGER: metavalue detected, returning 0
at 505 ns(1), Instance /motherboard_test_bench/uut/motherboard_Memoria_de_Dados/ : Warning: NUMERIC_STD.TO_INTEGER: metavalue detected, returning 0
at 505 ns(3), Instance /motherboard_test_bench/uut/motherboard_Memoria_de_Dados/ : Warning: NUMERIC_STD.TO_INTEGER: metavalue detected, returning 0
at 510 ns(1), Instance /motherboard_test_bench/uut/motherboard_Memoria_de_Dados/ : Warning: NUMERIC_STD.TO_INTEGER: metavalue detected, returning 0
at 515 ns(1), Instance /motherboard_test_bench/uut/motherboard_Memoria_de_Dados/ : Warning: NUMERIC_STD.TO_INTEGER: metavalue detected, returning 0
at 515 ns(3), Instance /motherboard_test_bench/uut/motherboard_Memoria_de_Dados/ : Warning: NUMERIC_STD.TO_INTEGER: metavalue detected, returning 0
at 520 ns(1), Instance /motherboard_test_bench/uut/motherboard_Memoria_de_Dados/ : Warning: NUMERIC_STD.TO_INTEGER: metavalue detected, returning 0
at 525 ns(1), Instance /motherboard_test_bench/uut/motherboard_Memoria_de_Dados/ : Warning: NUMERIC_STD.TO_INTEGER: metavalue detected, returning 0
at 525 ns(3), Instance /motherboard_test_bench/uut/motherboard_Memoria_de_Dados/ : Warning: NUMERIC_STD.TO_INTEGER: metavalue detected, returning 0
at 530 ns(1), Instance /motherboard_test_bench/uut/motherboard_Memoria_de_Dados/ : Warning: NUMERIC_STD.TO_INTEGER: metavalue detected, returning 0
at 535 ns(1), Instance /motherboard_test_bench/uut/motherboard_Memoria_de_Dados/ : Warning: NUMERIC_STD.TO_INTEGER: metavalue detected, returning 0
at 535 ns(3), Instance /motherboard_test_bench/uut/motherboard_Memoria_de_Dados/ : Warning: NUMERIC_STD.TO_INTEGER: metavalue detected, returning 0
at 535 ns(6), Instance /motherboard_test_bench/uut/motherboard_Memoria_de_Dados/ : Warning: NUMERIC_STD.TO_INTEGER: metavalue detected, returning 0
at 540 ns(1), Instance /motherboard_test_bench/uut/motherboard_Memoria_de_Dados/ : Warning: NUMERIC_STD.TO_INTEGER: metavalue detected, returning 0
at 545 ns(1), Instance /motherboard_test_bench/uut/motherboard_Memoria_de_Dados/ : Warning: NUMERIC_STD.TO_INTEGER: metavalue detected, returning 0
at 545 ns(3), Instance /motherboard_test_bench/uut/motherboard_Memoria_de_Dados/ : Warning: NUMERIC_STD.TO_INTEGER: metavalue detected, returning 0
at 550 ns(1), Instance /motherboard_test_bench/uut/motherboard_Memoria_de_Dados/ : Warning: NUMERIC_STD.TO_INTEGER: metavalue detected, returning 0
at 555 ns(1), Instance /motherboard_test_bench/uut/motherboard_Memoria_de_Dados/ : Warning: NUMERIC_STD.TO_INTEGER: metavalue detected, returning 0
at 555 ns(3), Instance /motherboard_test_bench/uut/motherboard_Memoria_de_Dados/ : Warning: NUMERIC_STD.TO_INTEGER: metavalue detected, returning 0
at 555 ns(6), Instance /motherboard_test_bench/uut/motherboard_Memoria_de_Dados/ : Warning: NUMERIC_STD.TO_INTEGER: metavalue detected, returning 0
at 560 ns(1), Instance /motherboard_test_bench/uut/motherboard_Memoria_de_Dados/ : Warning: NUMERIC_STD.TO_INTEGER: metavalue detected, returning 0
at 565 ns(1), Instance /motherboard_test_bench/uut/motherboard_Memoria_de_Dados/ : Warning: NUMERIC_STD.TO_INTEGER: metavalue detected, returning 0
at 565 ns(4), Instance /motherboard_test_bench/uut/motherboard_processor/processor_banco_de_registos/ : Warning: NUMERIC_STD.TO_INTEGER: metavalue detected, returning 0
at 565 ns(4), Instance /motherboard_test_bench/uut/motherboard_processor/processor_banco_de_registos/ : Warning: NUMERIC_STD.TO_INTEGER: metavalue detected, returning 0
at 570 ns(1), Instance /motherboard_test_bench/uut/motherboard_processor/processor_banco_de_registos/ : Warning: NUMERIC_STD.TO_INTEGER: metavalue detected, returning 0
at 570 ns(1), Instance /motherboard_test_bench/uut/motherboard_processor/processor_banco_de_registos/ : Warning: NUMERIC_STD.TO_INTEGER: metavalue detected, returning 0
at 575 ns(1), Instance /motherboard_test_bench/uut/motherboard_processor/processor_banco_de_registos/ : Warning: NUMERIC_STD.TO_INTEGER: metavalue detected, returning 0
at 575 ns(1), Instance /motherboard_test_bench/uut/motherboard_processor/processor_banco_de_registos/ : Warning: NUMERIC_STD.TO_INTEGER: metavalue detected, returning 0
at 575 ns(3), Instance /motherboard_test_bench/uut/motherboard_Memoria_de_Dados/ : Warning: NUMERIC_STD.TO_INTEGER: metavalue detected, returning 0
at 575 ns(6), Instance /motherboard_test_bench/uut/motherboard_Memoria_de_Dados/ : Warning: NUMERIC_STD.TO_INTEGER: metavalue detected, returning 0
at 580 ns(1), Instance /motherboard_test_bench/uut/motherboard_Memoria_de_Dados/ : Warning: NUMERIC_STD.TO_INTEGER: metavalue detected, returning 0
at 585 ns(1), Instance /motherboard_test_bench/uut/motherboard_Memoria_de_Dados/ : Warning: NUMERIC_STD.TO_INTEGER: metavalue detected, returning 0
at 585 ns(4), Instance /motherboard_test_bench/uut/motherboard_processor/processor_banco_de_registos/ : Warning: NUMERIC_STD.TO_INTEGER: metavalue detected, returning 0
at 585 ns(4), Instance /motherboard_test_bench/uut/motherboard_processor/processor_banco_de_registos/ : Warning: NUMERIC_STD.TO_INTEGER: metavalue detected, returning 0
at 590 ns(1), Instance /motherboard_test_bench/uut/motherboard_processor/processor_banco_de_registos/ : Warning: NUMERIC_STD.TO_INTEGER: metavalue detected, returning 0
at 590 ns(1), Instance /motherboard_test_bench/uut/motherboard_processor/processor_banco_de_registos/ : Warning: NUMERIC_STD.TO_INTEGER: metavalue detected, returning 0
at 595 ns(1), Instance /motherboard_test_bench/uut/motherboard_processor/processor_banco_de_registos/ : Warning: NUMERIC_STD.TO_INTEGER: metavalue detected, returning 0
at 595 ns(1), Instance /motherboard_test_bench/uut/motherboard_processor/processor_banco_de_registos/ : Warning: NUMERIC_STD.TO_INTEGER: metavalue detected, returning 0
at 595 ns(4), Instance /motherboard_test_bench/uut/motherboard_processor/processor_banco_de_registos/ : Warning: NUMERIC_STD.TO_INTEGER: metavalue detected, returning 0
at 600 ns(1), Instance /motherboard_test_bench/uut/motherboard_processor/processor_banco_de_registos/ : Warning: NUMERIC_STD.TO_INTEGER: metavalue detected, returning 0
at 605 ns(1), Instance /motherboard_test_bench/uut/motherboard_processor/processor_banco_de_registos/ : Warning: NUMERIC_STD.TO_INTEGER: metavalue detected, returning 0
at 605 ns(3), Instance /motherboard_test_bench/uut/motherboard_Memoria_de_Dados/ : Warning: NUMERIC_STD.TO_INTEGER: metavalue detected, returning 0
at 605 ns(4), Instance /motherboard_test_bench/uut/motherboard_processor/processor_banco_de_registos/ : Warning: NUMERIC_STD.TO_INTEGER: metavalue detected, returning 0
at 605 ns(5), Instance /motherboard_test_bench/uut/motherboard_processor/processor_banco_de_registos/ : Warning: NUMERIC_STD.TO_INTEGER: metavalue detected, returning 0
at 605 ns(6), Instance /motherboard_test_bench/uut/motherboard_Memoria_de_Dados/ : Warning: NUMERIC_STD.TO_INTEGER: metavalue detected, returning 0
at 610 ns(1), Instance /motherboard_test_bench/uut/motherboard_Memoria_de_Dados/ : Warning: NUMERIC_STD.TO_INTEGER: metavalue detected, returning 0
at 610 ns(1), Instance /motherboard_test_bench/uut/motherboard_processor/processor_banco_de_registos/ : Warning: NUMERIC_STD.TO_INTEGER: metavalue detected, returning 0
at 615 ns(1), Instance /motherboard_test_bench/uut/motherboard_Memoria_de_Dados/ : Warning: NUMERIC_STD.TO_INTEGER: metavalue detected, returning 0
at 615 ns(1), Instance /motherboard_test_bench/uut/motherboard_processor/processor_banco_de_registos/ : Warning: NUMERIC_STD.TO_INTEGER: metavalue detected, returning 0
at 615 ns(4), Instance /motherboard_test_bench/uut/motherboard_processor/processor_banco_de_registos/ : Warning: NUMERIC_STD.TO_INTEGER: metavalue detected, returning 0
at 615 ns(5), Instance /motherboard_test_bench/uut/motherboard_processor/processor_banco_de_registos/ : Warning: NUMERIC_STD.TO_INTEGER: metavalue detected, returning 0
at 620 ns(1), Instance /motherboard_test_bench/uut/motherboard_processor/processor_banco_de_registos/ : Warning: NUMERIC_STD.TO_INTEGER: metavalue detected, returning 0
at 625 ns(1), Instance /motherboard_test_bench/uut/motherboard_processor/processor_banco_de_registos/ : Warning: NUMERIC_STD.TO_INTEGER: metavalue detected, returning 0
at 625 ns(4), Instance /motherboard_test_bench/uut/motherboard_processor/processor_banco_de_registos/ : Warning: NUMERIC_STD.TO_INTEGER: metavalue detected, returning 0
at 630 ns(1), Instance /motherboard_test_bench/uut/motherboard_processor/processor_banco_de_registos/ : Warning: NUMERIC_STD.TO_INTEGER: metavalue detected, returning 0
at 635 ns(1), Instance /motherboard_test_bench/uut/motherboard_processor/processor_banco_de_registos/ : Warning: NUMERIC_STD.TO_INTEGER: metavalue detected, returning 0
at 635 ns(4), Instance /motherboard_test_bench/uut/motherboard_processor/processor_banco_de_registos/ : Warning: NUMERIC_STD.TO_INTEGER: metavalue detected, returning 0
at 640 ns(1), Instance /motherboard_test_bench/uut/motherboard_processor/processor_banco_de_registos/ : Warning: NUMERIC_STD.TO_INTEGER: metavalue detected, returning 0
at 645 ns(1), Instance /motherboard_test_bench/uut/motherboard_processor/processor_banco_de_registos/ : Warning: NUMERIC_STD.TO_INTEGER: metavalue detected, returning 0
at 645 ns(4), Instance /motherboard_test_bench/uut/motherboard_processor/processor_banco_de_registos/ : Warning: NUMERIC_STD.TO_INTEGER: metavalue detected, returning 0
at 650 ns(1), Instance /motherboard_test_bench/uut/motherboard_processor/processor_banco_de_registos/ : Warning: NUMERIC_STD.TO_INTEGER: metavalue detected, returning 0
at 655 ns(1), Instance /motherboard_test_bench/uut/motherboard_processor/processor_banco_de_registos/ : Warning: NUMERIC_STD.TO_INTEGER: metavalue detected, returning 0
at 655 ns(4), Instance /motherboard_test_bench/uut/motherboard_processor/processor_banco_de_registos/ : Warning: NUMERIC_STD.TO_INTEGER: metavalue detected, returning 0
at 660 ns(1), Instance /motherboard_test_bench/uut/motherboard_processor/processor_banco_de_registos/ : Warning: NUMERIC_STD.TO_INTEGER: metavalue detected, returning 0
at 665 ns(1), Instance /motherboard_test_bench/uut/motherboard_processor/processor_banco_de_registos/ : Warning: NUMERIC_STD.TO_INTEGER: metavalue detected, returning 0
at 665 ns(4), Instance /motherboard_test_bench/uut/motherboard_processor/processor_banco_de_registos/ : Warning: NUMERIC_STD.TO_INTEGER: metavalue detected, returning 0
at 670 ns(1), Instance /motherboard_test_bench/uut/motherboard_processor/processor_banco_de_registos/ : Warning: NUMERIC_STD.TO_INTEGER: metavalue detected, returning 0
at 675 ns(1), Instance /motherboard_test_bench/uut/motherboard_processor/processor_banco_de_registos/ : Warning: NUMERIC_STD.TO_INTEGER: metavalue detected, returning 0
at 675 ns(4), Instance /motherboard_test_bench/uut/motherboard_processor/processor_banco_de_registos/ : Warning: NUMERIC_STD.TO_INTEGER: metavalue detected, returning 0
at 680 ns(1), Instance /motherboard_test_bench/uut/motherboard_processor/processor_banco_de_registos/ : Warning: NUMERIC_STD.TO_INTEGER: metavalue detected, returning 0
at 685 ns(1), Instance /motherboard_test_bench/uut/motherboard_processor/processor_banco_de_registos/ : Warning: NUMERIC_STD.TO_INTEGER: metavalue detected, returning 0
at 685 ns(4), Instance /motherboard_test_bench/uut/motherboard_processor/processor_banco_de_registos/ : Warning: NUMERIC_STD.TO_INTEGER: metavalue detected, returning 0
at 690 ns(1), Instance /motherboard_test_bench/uut/motherboard_processor/processor_banco_de_registos/ : Warning: NUMERIC_STD.TO_INTEGER: metavalue detected, returning 0
at 695 ns(1), Instance /motherboard_test_bench/uut/motherboard_processor/processor_banco_de_registos/ : Warning: NUMERIC_STD.TO_INTEGER: metavalue detected, returning 0
at 695 ns(4), Instance /motherboard_test_bench/uut/motherboard_processor/processor_banco_de_registos/ : Warning: NUMERIC_STD.TO_INTEGER: metavalue detected, returning 0
at 700 ns(1), Instance /motherboard_test_bench/uut/motherboard_processor/processor_banco_de_registos/ : Warning: NUMERIC_STD.TO_INTEGER: metavalue detected, returning 0
at 705 ns(1), Instance /motherboard_test_bench/uut/motherboard_processor/processor_banco_de_registos/ : Warning: NUMERIC_STD.TO_INTEGER: metavalue detected, returning 0
at 705 ns(4), Instance /motherboard_test_bench/uut/motherboard_processor/processor_banco_de_registos/ : Warning: NUMERIC_STD.TO_INTEGER: metavalue detected, returning 0
at 705 ns(4), Instance /motherboard_test_bench/uut/motherboard_Memoria_de_Dados/ : Warning: NUMERIC_STD.TO_INTEGER: metavalue detected, returning 0
at 705 ns(5), Instance /motherboard_test_bench/uut/motherboard_processor/processor_banco_de_registos/ : Warning: NUMERIC_STD.TO_INTEGER: metavalue detected, returning 0
at 705 ns(6), Instance /motherboard_test_bench/uut/motherboard_Memoria_de_Dados/ : Warning: NUMERIC_STD.TO_INTEGER: metavalue detected, returning 0
at 710 ns(1), Instance /motherboard_test_bench/uut/motherboard_Memoria_de_Dados/ : Warning: NUMERIC_STD.TO_INTEGER: metavalue detected, returning 0
at 710 ns(1), Instance /motherboard_test_bench/uut/motherboard_processor/processor_banco_de_registos/ : Warning: NUMERIC_STD.TO_INTEGER: metavalue detected, returning 0
at 715 ns(1), Instance /motherboard_test_bench/uut/motherboard_Memoria_de_Dados/ : Warning: NUMERIC_STD.TO_INTEGER: metavalue detected, returning 0
at 715 ns(1), Instance /motherboard_test_bench/uut/motherboard_processor/processor_banco_de_registos/ : Warning: NUMERIC_STD.TO_INTEGER: metavalue detected, returning 0
at 715 ns(3), Instance /motherboard_test_bench/uut/motherboard_Memoria_de_Dados/ : Warning: NUMERIC_STD.TO_INTEGER: metavalue detected, returning 0
at 715 ns(4), Instance /motherboard_test_bench/uut/motherboard_processor/processor_banco_de_registos/ : Warning: NUMERIC_STD.TO_INTEGER: metavalue detected, returning 0
at 715 ns(6), Instance /motherboard_test_bench/uut/motherboard_Memoria_de_Dados/ : Warning: NUMERIC_STD.TO_INTEGER: metavalue detected, returning 0
at 720 ns(1), Instance /motherboard_test_bench/uut/motherboard_Memoria_de_Dados/ : Warning: NUMERIC_STD.TO_INTEGER: metavalue detected, returning 0
at 720 ns(1), Instance /motherboard_test_bench/uut/motherboard_processor/processor_banco_de_registos/ : Warning: NUMERIC_STD.TO_INTEGER: metavalue detected, returning 0
at 725 ns(1), Instance /motherboard_test_bench/uut/motherboard_Memoria_de_Dados/ : Warning: NUMERIC_STD.TO_INTEGER: metavalue detected, returning 0
at 725 ns(1), Instance /motherboard_test_bench/uut/motherboard_processor/processor_banco_de_registos/ : Warning: NUMERIC_STD.TO_INTEGER: metavalue detected, returning 0
at 725 ns(3), Instance /motherboard_test_bench/uut/motherboard_Memoria_de_Dados/ : Warning: NUMERIC_STD.TO_INTEGER: metavalue detected, returning 0
at 725 ns(4), Instance /motherboard_test_bench/uut/motherboard_processor/processor_banco_de_registos/ : Warning: NUMERIC_STD.TO_INTEGER: metavalue detected, returning 0
at 725 ns(5), Instance /motherboard_test_bench/uut/motherboard_processor/processor_banco_de_registos/ : Warning: NUMERIC_STD.TO_INTEGER: metavalue detected, returning 0
at 725 ns(6), Instance /motherboard_test_bench/uut/motherboard_Memoria_de_Dados/ : Warning: NUMERIC_STD.TO_INTEGER: metavalue detected, returning 0
at 730 ns(1), Instance /motherboard_test_bench/uut/motherboard_Memoria_de_Dados/ : Warning: NUMERIC_STD.TO_INTEGER: metavalue detected, returning 0
at 730 ns(1), Instance /motherboard_test_bench/uut/motherboard_processor/processor_banco_de_registos/ : Warning: NUMERIC_STD.TO_INTEGER: metavalue detected, returning 0
at 735 ns(1), Instance /motherboard_test_bench/uut/motherboard_Memoria_de_Dados/ : Warning: NUMERIC_STD.TO_INTEGER: metavalue detected, returning 0
at 735 ns(1), Instance /motherboard_test_bench/uut/motherboard_processor/processor_banco_de_registos/ : Warning: NUMERIC_STD.TO_INTEGER: metavalue detected, returning 0
at 735 ns(4), Instance /motherboard_test_bench/uut/motherboard_processor/processor_banco_de_registos/ : Warning: NUMERIC_STD.TO_INTEGER: metavalue detected, returning 0
at 735 ns(5), Instance /motherboard_test_bench/uut/motherboard_processor/processor_banco_de_registos/ : Warning: NUMERIC_STD.TO_INTEGER: metavalue detected, returning 0
at 740 ns(1), Instance /motherboard_test_bench/uut/motherboard_processor/processor_banco_de_registos/ : Warning: NUMERIC_STD.TO_INTEGER: metavalue detected, returning 0
at 745 ns(1), Instance /motherboard_test_bench/uut/motherboard_processor/processor_banco_de_registos/ : Warning: NUMERIC_STD.TO_INTEGER: metavalue detected, returning 0
at 745 ns(3), Instance /motherboard_test_bench/uut/motherboard_Memoria_de_Dados/ : Warning: NUMERIC_STD.TO_INTEGER: metavalue detected, returning 0
at 745 ns(6), Instance /motherboard_test_bench/uut/motherboard_Memoria_de_Dados/ : Warning: NUMERIC_STD.TO_INTEGER: metavalue detected, returning 0
at 750 ns(1), Instance /motherboard_test_bench/uut/motherboard_Memoria_de_Dados/ : Warning: NUMERIC_STD.TO_INTEGER: metavalue detected, returning 0
at 755 ns(1), Instance /motherboard_test_bench/uut/motherboard_Memoria_de_Dados/ : Warning: NUMERIC_STD.TO_INTEGER: metavalue detected, returning 0
at 755 ns(3), Instance /motherboard_test_bench/uut/motherboard_Memoria_de_Dados/ : Warning: NUMERIC_STD.TO_INTEGER: metavalue detected, returning 0
at 760 ns(1), Instance /motherboard_test_bench/uut/motherboard_Memoria_de_Dados/ : Warning: NUMERIC_STD.TO_INTEGER: metavalue detected, returning 0
at 765 ns(1), Instance /motherboard_test_bench/uut/motherboard_Memoria_de_Dados/ : Warning: NUMERIC_STD.TO_INTEGER: metavalue detected, returning 0
at 765 ns(3), Instance /motherboard_test_bench/uut/motherboard_Memoria_de_Dados/ : Warning: NUMERIC_STD.TO_INTEGER: metavalue detected, returning 0
at 765 ns(6), Instance /motherboard_test_bench/uut/motherboard_Memoria_de_Dados/ : Warning: NUMERIC_STD.TO_INTEGER: metavalue detected, returning 0
at 770 ns(1), Instance /motherboard_test_bench/uut/motherboard_Memoria_de_Dados/ : Warning: NUMERIC_STD.TO_INTEGER: metavalue detected, returning 0
at 775 ns(1), Instance /motherboard_test_bench/uut/motherboard_Memoria_de_Dados/ : Warning: NUMERIC_STD.TO_INTEGER: metavalue detected, returning 0
at 775 ns(3), Instance /motherboard_test_bench/uut/motherboard_Memoria_de_Dados/ : Warning: NUMERIC_STD.TO_INTEGER: metavalue detected, returning 0
at 775 ns(6), Instance /motherboard_test_bench/uut/motherboard_Memoria_de_Dados/ : Warning: NUMERIC_STD.TO_INTEGER: metavalue detected, returning 0
at 780 ns(1), Instance /motherboard_test_bench/uut/motherboard_Memoria_de_Dados/ : Warning: NUMERIC_STD.TO_INTEGER: metavalue detected, returning 0
at 785 ns(1), Instance /motherboard_test_bench/uut/motherboard_Memoria_de_Dados/ : Warning: NUMERIC_STD.TO_INTEGER: metavalue detected, returning 0
at 785 ns(3), Instance /motherboard_test_bench/uut/motherboard_Memoria_de_Dados/ : Warning: NUMERIC_STD.TO_INTEGER: metavalue detected, returning 0
at 790 ns(1), Instance /motherboard_test_bench/uut/motherboard_Memoria_de_Dados/ : Warning: NUMERIC_STD.TO_INTEGER: metavalue detected, returning 0
at 795 ns(1), Instance /motherboard_test_bench/uut/motherboard_Memoria_de_Dados/ : Warning: NUMERIC_STD.TO_INTEGER: metavalue detected, returning 0
at 795 ns(3), Instance /motherboard_test_bench/uut/motherboard_Memoria_de_Dados/ : Warning: NUMERIC_STD.TO_INTEGER: metavalue detected, returning 0
at 800 ns(1), Instance /motherboard_test_bench/uut/motherboard_Memoria_de_Dados/ : Warning: NUMERIC_STD.TO_INTEGER: metavalue detected, returning 0
at 805 ns(1), Instance /motherboard_test_bench/uut/motherboard_Memoria_de_Dados/ : Warning: NUMERIC_STD.TO_INTEGER: metavalue detected, returning 0
at 805 ns(3), Instance /motherboard_test_bench/uut/motherboard_Memoria_de_Dados/ : Warning: NUMERIC_STD.TO_INTEGER: metavalue detected, returning 0
at 810 ns(1), Instance /motherboard_test_bench/uut/motherboard_Memoria_de_Dados/ : Warning: NUMERIC_STD.TO_INTEGER: metavalue detected, returning 0
at 815 ns(1), Instance /motherboard_test_bench/uut/motherboard_Memoria_de_Dados/ : Warning: NUMERIC_STD.TO_INTEGER: metavalue detected, returning 0
at 815 ns(3), Instance /motherboard_test_bench/uut/motherboard_Memoria_de_Dados/ : Warning: NUMERIC_STD.TO_INTEGER: metavalue detected, returning 0
at 820 ns(1), Instance /motherboard_test_bench/uut/motherboard_Memoria_de_Dados/ : Warning: NUMERIC_STD.TO_INTEGER: metavalue detected, returning 0
at 825 ns(1), Instance /motherboard_test_bench/uut/motherboard_Memoria_de_Dados/ : Warning: NUMERIC_STD.TO_INTEGER: metavalue detected, returning 0
at 825 ns(3), Instance /motherboard_test_bench/uut/motherboard_Memoria_de_Dados/ : Warning: NUMERIC_STD.TO_INTEGER: metavalue detected, returning 0
at 830 ns(1), Instance /motherboard_test_bench/uut/motherboard_Memoria_de_Dados/ : Warning: NUMERIC_STD.TO_INTEGER: metavalue detected, returning 0
at 835 ns(1), Instance /motherboard_test_bench/uut/motherboard_Memoria_de_Dados/ : Warning: NUMERIC_STD.TO_INTEGER: metavalue detected, returning 0
at 835 ns(3), Instance /motherboard_test_bench/uut/motherboard_Memoria_de_Dados/ : Warning: NUMERIC_STD.TO_INTEGER: metavalue detected, returning 0
at 835 ns(6), Instance /motherboard_test_bench/uut/motherboard_Memoria_de_Dados/ : Warning: NUMERIC_STD.TO_INTEGER: metavalue detected, returning 0
at 840 ns(1), Instance /motherboard_test_bench/uut/motherboard_Memoria_de_Dados/ : Warning: NUMERIC_STD.TO_INTEGER: metavalue detected, returning 0
at 845 ns(1), Instance /motherboard_test_bench/uut/motherboard_Memoria_de_Dados/ : Warning: NUMERIC_STD.TO_INTEGER: metavalue detected, returning 0
at 845 ns(3), Instance /motherboard_test_bench/uut/motherboard_Memoria_de_Dados/ : Warning: NUMERIC_STD.TO_INTEGER: metavalue detected, returning 0
at 850 ns(1), Instance /motherboard_test_bench/uut/motherboard_Memoria_de_Dados/ : Warning: NUMERIC_STD.TO_INTEGER: metavalue detected, returning 0
at 855 ns(1), Instance /motherboard_test_bench/uut/motherboard_Memoria_de_Dados/ : Warning: NUMERIC_STD.TO_INTEGER: metavalue detected, returning 0
at 855 ns(3), Instance /motherboard_test_bench/uut/motherboard_Memoria_de_Dados/ : Warning: NUMERIC_STD.TO_INTEGER: metavalue detected, returning 0
at 855 ns(6), Instance /motherboard_test_bench/uut/motherboard_Memoria_de_Dados/ : Warning: NUMERIC_STD.TO_INTEGER: metavalue detected, returning 0
at 860 ns(1), Instance /motherboard_test_bench/uut/motherboard_Memoria_de_Dados/ : Warning: NUMERIC_STD.TO_INTEGER: metavalue detected, returning 0
at 865 ns(1), Instance /motherboard_test_bench/uut/motherboard_Memoria_de_Dados/ : Warning: NUMERIC_STD.TO_INTEGER: metavalue detected, returning 0
at 865 ns(4), Instance /motherboard_test_bench/uut/motherboard_processor/processor_banco_de_registos/ : Warning: NUMERIC_STD.TO_INTEGER: metavalue detected, returning 0
at 865 ns(4), Instance /motherboard_test_bench/uut/motherboard_processor/processor_banco_de_registos/ : Warning: NUMERIC_STD.TO_INTEGER: metavalue detected, returning 0
at 870 ns(1), Instance /motherboard_test_bench/uut/motherboard_processor/processor_banco_de_registos/ : Warning: NUMERIC_STD.TO_INTEGER: metavalue detected, returning 0
at 870 ns(1), Instance /motherboard_test_bench/uut/motherboard_processor/processor_banco_de_registos/ : Warning: NUMERIC_STD.TO_INTEGER: metavalue detected, returning 0
at 875 ns(1), Instance /motherboard_test_bench/uut/motherboard_processor/processor_banco_de_registos/ : Warning: NUMERIC_STD.TO_INTEGER: metavalue detected, returning 0
at 875 ns(1), Instance /motherboard_test_bench/uut/motherboard_processor/processor_banco_de_registos/ : Warning: NUMERIC_STD.TO_INTEGER: metavalue detected, returning 0
at 875 ns(3), Instance /motherboard_test_bench/uut/motherboard_Memoria_de_Dados/ : Warning: NUMERIC_STD.TO_INTEGER: metavalue detected, returning 0
at 875 ns(6), Instance /motherboard_test_bench/uut/motherboard_Memoria_de_Dados/ : Warning: NUMERIC_STD.TO_INTEGER: metavalue detected, returning 0
at 880 ns(1), Instance /motherboard_test_bench/uut/motherboard_Memoria_de_Dados/ : Warning: NUMERIC_STD.TO_INTEGER: metavalue detected, returning 0
at 885 ns(1), Instance /motherboard_test_bench/uut/motherboard_Memoria_de_Dados/ : Warning: NUMERIC_STD.TO_INTEGER: metavalue detected, returning 0
at 885 ns(4), Instance /motherboard_test_bench/uut/motherboard_processor/processor_banco_de_registos/ : Warning: NUMERIC_STD.TO_INTEGER: metavalue detected, returning 0
at 885 ns(4), Instance /motherboard_test_bench/uut/motherboard_processor/processor_banco_de_registos/ : Warning: NUMERIC_STD.TO_INTEGER: metavalue detected, returning 0
at 890 ns(1), Instance /motherboard_test_bench/uut/motherboard_processor/processor_banco_de_registos/ : Warning: NUMERIC_STD.TO_INTEGER: metavalue detected, returning 0
at 890 ns(1), Instance /motherboard_test_bench/uut/motherboard_processor/processor_banco_de_registos/ : Warning: NUMERIC_STD.TO_INTEGER: metavalue detected, returning 0
at 895 ns(1), Instance /motherboard_test_bench/uut/motherboard_processor/processor_banco_de_registos/ : Warning: NUMERIC_STD.TO_INTEGER: metavalue detected, returning 0
at 895 ns(1), Instance /motherboard_test_bench/uut/motherboard_processor/processor_banco_de_registos/ : Warning: NUMERIC_STD.TO_INTEGER: metavalue detected, returning 0
at 895 ns(4), Instance /motherboard_test_bench/uut/motherboard_processor/processor_banco_de_registos/ : Warning: NUMERIC_STD.TO_INTEGER: metavalue detected, returning 0
at 900 ns(1), Instance /motherboard_test_bench/uut/motherboard_processor/processor_banco_de_registos/ : Warning: NUMERIC_STD.TO_INTEGER: metavalue detected, returning 0
at 905 ns(1), Instance /motherboard_test_bench/uut/motherboard_processor/processor_banco_de_registos/ : Warning: NUMERIC_STD.TO_INTEGER: metavalue detected, returning 0
at 905 ns(3), Instance /motherboard_test_bench/uut/motherboard_Memoria_de_Dados/ : Warning: NUMERIC_STD.TO_INTEGER: metavalue detected, returning 0
at 905 ns(4), Instance /motherboard_test_bench/uut/motherboard_processor/processor_banco_de_registos/ : Warning: NUMERIC_STD.TO_INTEGER: metavalue detected, returning 0
at 905 ns(5), Instance /motherboard_test_bench/uut/motherboard_processor/processor_banco_de_registos/ : Warning: NUMERIC_STD.TO_INTEGER: metavalue detected, returning 0
at 905 ns(6), Instance /motherboard_test_bench/uut/motherboard_Memoria_de_Dados/ : Warning: NUMERIC_STD.TO_INTEGER: metavalue detected, returning 0
at 910 ns(1), Instance /motherboard_test_bench/uut/motherboard_Memoria_de_Dados/ : Warning: NUMERIC_STD.TO_INTEGER: metavalue detected, returning 0
at 910 ns(1), Instance /motherboard_test_bench/uut/motherboard_processor/processor_banco_de_registos/ : Warning: NUMERIC_STD.TO_INTEGER: metavalue detected, returning 0
at 915 ns(1), Instance /motherboard_test_bench/uut/motherboard_Memoria_de_Dados/ : Warning: NUMERIC_STD.TO_INTEGER: metavalue detected, returning 0
at 915 ns(1), Instance /motherboard_test_bench/uut/motherboard_processor/processor_banco_de_registos/ : Warning: NUMERIC_STD.TO_INTEGER: metavalue detected, returning 0
at 915 ns(4), Instance /motherboard_test_bench/uut/motherboard_processor/processor_banco_de_registos/ : Warning: NUMERIC_STD.TO_INTEGER: metavalue detected, returning 0
at 915 ns(5), Instance /motherboard_test_bench/uut/motherboard_processor/processor_banco_de_registos/ : Warning: NUMERIC_STD.TO_INTEGER: metavalue detected, returning 0
at 920 ns(1), Instance /motherboard_test_bench/uut/motherboard_processor/processor_banco_de_registos/ : Warning: NUMERIC_STD.TO_INTEGER: metavalue detected, returning 0
at 925 ns(1), Instance /motherboard_test_bench/uut/motherboard_processor/processor_banco_de_registos/ : Warning: NUMERIC_STD.TO_INTEGER: metavalue detected, returning 0
at 925 ns(4), Instance /motherboard_test_bench/uut/motherboard_processor/processor_banco_de_registos/ : Warning: NUMERIC_STD.TO_INTEGER: metavalue detected, returning 0
at 930 ns(1), Instance /motherboard_test_bench/uut/motherboard_processor/processor_banco_de_registos/ : Warning: NUMERIC_STD.TO_INTEGER: metavalue detected, returning 0
at 935 ns(1), Instance /motherboard_test_bench/uut/motherboard_processor/processor_banco_de_registos/ : Warning: NUMERIC_STD.TO_INTEGER: metavalue detected, returning 0
at 935 ns(4), Instance /motherboard_test_bench/uut/motherboard_processor/processor_banco_de_registos/ : Warning: NUMERIC_STD.TO_INTEGER: metavalue detected, returning 0
at 940 ns(1), Instance /motherboard_test_bench/uut/motherboard_processor/processor_banco_de_registos/ : Warning: NUMERIC_STD.TO_INTEGER: metavalue detected, returning 0
at 945 ns(1), Instance /motherboard_test_bench/uut/motherboard_processor/processor_banco_de_registos/ : Warning: NUMERIC_STD.TO_INTEGER: metavalue detected, returning 0
at 945 ns(4), Instance /motherboard_test_bench/uut/motherboard_processor/processor_banco_de_registos/ : Warning: NUMERIC_STD.TO_INTEGER: metavalue detected, returning 0
at 950 ns(1), Instance /motherboard_test_bench/uut/motherboard_processor/processor_banco_de_registos/ : Warning: NUMERIC_STD.TO_INTEGER: metavalue detected, returning 0
at 955 ns(1), Instance /motherboard_test_bench/uut/motherboard_processor/processor_banco_de_registos/ : Warning: NUMERIC_STD.TO_INTEGER: metavalue detected, returning 0
at 955 ns(4), Instance /motherboard_test_bench/uut/motherboard_processor/processor_banco_de_registos/ : Warning: NUMERIC_STD.TO_INTEGER: metavalue detected, returning 0
at 960 ns(1), Instance /motherboard_test_bench/uut/motherboard_processor/processor_banco_de_registos/ : Warning: NUMERIC_STD.TO_INTEGER: metavalue detected, returning 0
at 965 ns(1), Instance /motherboard_test_bench/uut/motherboard_processor/processor_banco_de_registos/ : Warning: NUMERIC_STD.TO_INTEGER: metavalue detected, returning 0
at 965 ns(4), Instance /motherboard_test_bench/uut/motherboard_processor/processor_banco_de_registos/ : Warning: NUMERIC_STD.TO_INTEGER: metavalue detected, returning 0
at 970 ns(1), Instance /motherboard_test_bench/uut/motherboard_processor/processor_banco_de_registos/ : Warning: NUMERIC_STD.TO_INTEGER: metavalue detected, returning 0
at 975 ns(1), Instance /motherboard_test_bench/uut/motherboard_processor/processor_banco_de_registos/ : Warning: NUMERIC_STD.TO_INTEGER: metavalue detected, returning 0
at 975 ns(4), Instance /motherboard_test_bench/uut/motherboard_processor/processor_banco_de_registos/ : Warning: NUMERIC_STD.TO_INTEGER: metavalue detected, returning 0
at 980 ns(1), Instance /motherboard_test_bench/uut/motherboard_processor/processor_banco_de_registos/ : Warning: NUMERIC_STD.TO_INTEGER: metavalue detected, returning 0
at 985 ns(1), Instance /motherboard_test_bench/uut/motherboard_processor/processor_banco_de_registos/ : Warning: NUMERIC_STD.TO_INTEGER: metavalue detected, returning 0
at 985 ns(4), Instance /motherboard_test_bench/uut/motherboard_processor/processor_banco_de_registos/ : Warning: NUMERIC_STD.TO_INTEGER: metavalue detected, returning 0
at 990 ns(1), Instance /motherboard_test_bench/uut/motherboard_processor/processor_banco_de_registos/ : Warning: NUMERIC_STD.TO_INTEGER: metavalue detected, returning 0
at 995 ns(1), Instance /motherboard_test_bench/uut/motherboard_processor/processor_banco_de_registos/ : Warning: NUMERIC_STD.TO_INTEGER: metavalue detected, returning 0
at 995 ns(4), Instance /motherboard_test_bench/uut/motherboard_processor/processor_banco_de_registos/ : Warning: NUMERIC_STD.TO_INTEGER: metavalue detected, returning 0
at 1 us(1), Instance /motherboard_test_bench/uut/motherboard_processor/processor_banco_de_registos/ : Warning: NUMERIC_STD.TO_INTEGER: metavalue detected, returning 0
