Release 14.7 - xst P.20131013 (nt64)
Copyright (c) 1995-2013 Xilinx, Inc.  All rights reserved.
--> Parameter TMPDIR set to xst/projnav.tmp


Total REAL time to Xst completion: 1.00 secs
Total CPU time to Xst completion: 1.04 secs
 
--> Parameter xsthdpdir set to xst


Total REAL time to Xst completion: 1.00 secs
Total CPU time to Xst completion: 1.05 secs
 
--> Reading design: motherboard.prj

TABLE OF CONTENTS
  1) Synthesis Options Summary
  2) HDL Parsing
  3) HDL Elaboration
  4) HDL Synthesis
       4.1) HDL Synthesis Report
  5) Advanced HDL Synthesis
       5.1) Advanced HDL Synthesis Report
  6) Low Level Synthesis
  7) Partition Report
  8) Design Summary
       8.1) Primitive and Black Box Usage
       8.2) Device utilization summary
       8.3) Partition Resource Summary
       8.4) Timing Report
            8.4.1) Clock Information
            8.4.2) Asynchronous Control Signals Information
            8.4.3) Timing Summary
            8.4.4) Timing Details
            8.4.5) Cross Clock Domains Report


=========================================================================
*                      Synthesis Options Summary                        *
=========================================================================
---- Source Parameters
Input File Name                    : "motherboard.prj"
Ignore Synthesis Constraint File   : NO

---- Target Parameters
Output File Name                   : "motherboard"
Output Format                      : NGC
Target Device                      : xc7a100t-3-csg324

---- Source Options
Top Module Name                    : motherboard
Automatic FSM Extraction           : YES
FSM Encoding Algorithm             : Auto
Safe Implementation                : No
FSM Style                          : LUT
RAM Extraction                     : Yes
RAM Style                          : Auto
ROM Extraction                     : Yes
Shift Register Extraction          : YES
ROM Style                          : Auto
Resource Sharing                   : YES
Asynchronous To Synchronous        : NO
Shift Register Minimum Size        : 2
Use DSP Block                      : Auto
Automatic Register Balancing       : No

---- Target Options
LUT Combining                      : Auto
Reduce Control Sets                : Auto
Add IO Buffers                     : YES
Global Maximum Fanout              : 100000
Add Generic Clock Buffer(BUFG)     : 32
Register Duplication               : YES
Optimize Instantiated Primitives   : NO
Use Clock Enable                   : Auto
Use Synchronous Set                : Auto
Use Synchronous Reset              : Auto
Pack IO Registers into IOBs        : Auto
Equivalent register Removal        : YES

---- General Options
Optimization Goal                  : Speed
Optimization Effort                : 1
Power Reduction                    : NO
Keep Hierarchy                     : No
Netlist Hierarchy                  : As_Optimized
RTL Output                         : Yes
Global Optimization                : AllClockNets
Read Cores                         : YES
Write Timing Constraints           : NO
Cross Clock Analysis               : NO
Hierarchy Separator                : /
Bus Delimiter                      : <>
Case Specifier                     : Maintain
Slice Utilization Ratio            : 100
BRAM Utilization Ratio             : 100
DSP48 Utilization Ratio            : 100
Auto BRAM Packing                  : NO
Slice Utilization Ratio Delta      : 5

=========================================================================


=========================================================================
*                          HDL Parsing                                  *
=========================================================================
Parsing VHDL file "C:\Users\Mistakx\Desktop\PEPE-8\PEPE-8\Rom_de_descodificacao.vhd" into library work
Parsing entity <Rom_de_Descodificacao>.
Parsing architecture <Behavioral> of entity <rom_de_descodificacao>.
Parsing VHDL file "C:\Users\Mistakx\Desktop\PEPE-8\PEPE-8\Registo_de_Flags.vhd" into library work
Parsing entity <Registo_de_Flags>.
Parsing architecture <Behavioral> of entity <registo_de_flags>.
Parsing VHDL file "C:\Users\Mistakx\Desktop\PEPE-8\PEPE-8\PC.vhd" into library work
Parsing entity <PC>.
Parsing architecture <Behavioral> of entity <pc>.
Parsing VHDL file "C:\Users\Mistakx\Desktop\PEPE-8\PEPE-8\MUX_R.vhd" into library work
Parsing entity <MUX_R>.
Parsing architecture <Behavioral> of entity <mux_r>.
Parsing VHDL file "C:\Users\Mistakx\Desktop\PEPE-8\PEPE-8\MUX_PC.vhd" into library work
Parsing entity <MUX_PC>.
Parsing architecture <Behavioral> of entity <mux_pc>.
Parsing VHDL file "C:\Users\Mistakx\Desktop\PEPE-8\PEPE-8\is_zero.vhd" into library work
Parsing entity <is_zero>.
Parsing architecture <Behavioral> of entity <is_zero>.
Parsing VHDL file "C:\Users\Mistakx\Desktop\PEPE-8\PEPE-8\Gestor_de_Perifericos.vhd" into library work
Parsing entity <Gestor_de_Perifericos>.
Parsing architecture <Behavioral> of entity <gestor_de_perifericos>.
Parsing VHDL file "C:\Users\Mistakx\Desktop\PEPE-8\PEPE-8\banco_de_registos.vhd" into library work
Parsing entity <banco_de_registos>.
Parsing architecture <Behavioral> of entity <banco_de_registos>.
Parsing VHDL file "C:\Users\Mistakx\Desktop\PEPE-8\PEPE-8\Processor.vhd" into library work
Parsing entity <Processor>.
Parsing architecture <struct> of entity <processor>.
Parsing VHDL file "C:\Users\Mistakx\Desktop\PEPE-8\PEPE-8\Memoria_de_Instrucoes.vhd" into library work
Parsing entity <Memoria_de_Instrucoes>.
Parsing architecture <Behavioral> of entity <memoria_de_instrucoes>.
Parsing VHDL file "C:\Users\Mistakx\Desktop\PEPE-8\PEPE-8\Memoria_de_Dados.vhd" into library work
Parsing entity <Memoria_de_Dados>.
Parsing architecture <Behavioral> of entity <memoria_de_dados>.
Parsing VHDL file "C:\Users\Mistakx\Desktop\PEPE-8\PEPE-8\motherboard.vhd" into library work
Parsing entity <motherboard>.
Parsing architecture <struct> of entity <motherboard>.

=========================================================================
*                            HDL Elaboration                            *
=========================================================================

Elaborating entity <motherboard> (architecture <struct>) from library <work>.

Elaborating entity <Memoria_de_Instrucoes> (architecture <Behavioral>) from library <work>.

Elaborating entity <Memoria_de_Dados> (architecture <Behavioral>) from library <work>.

Elaborating entity <Processor> (architecture <struct>) from library <work>.

Elaborating entity <PC> (architecture <Behavioral>) from library <work>.

Elaborating entity <Rom_de_Descodificacao> (architecture <Behavioral>) from library <work>.

Elaborating entity <MUX_R> (architecture <Behavioral>) from library <work>.
INFO:HDLCompiler:679 - "C:\Users\Mistakx\Desktop\PEPE-8\PEPE-8\MUX_R.vhd" Line 58. Case statement is complete. others clause is never selected

Elaborating entity <banco_de_registos> (architecture <Behavioral>) from library <work>.

Elaborating entity <MUX_PC> (architecture <Behavioral>) from library <work>.

Elaborating entity <Registo_de_Flags> (architecture <Behavioral>) from library <work>.
WARNING:HDLCompiler:89 - "C:\Users\Mistakx\Desktop\PEPE-8\PEPE-8\Processor.vhd" Line 143: <alu> remains a black-box since it has no binding entity.

Elaborating entity <Gestor_de_Perifericos> (architecture <Behavioral>) from library <work>.

Elaborating entity <is_zero> (architecture <Behavioral>) from library <work>.

=========================================================================
*                           HDL Synthesis                               *
=========================================================================

Synthesizing Unit <motherboard>.
    Related source file is "C:\Users\Mistakx\Desktop\PEPE-8\PEPE-8\motherboard.vhd".
    Summary:
	no macro.
Unit <motherboard> synthesized.

Synthesizing Unit <Memoria_de_Instrucoes>.
    Related source file is "C:\Users\Mistakx\Desktop\PEPE-8\PEPE-8\Memoria_de_Instrucoes.vhd".
    Found 16x19-bit Read Only RAM for signal <_n0105>
    Summary:
	inferred   1 RAM(s).
Unit <Memoria_de_Instrucoes> synthesized.

Synthesizing Unit <Memoria_de_Dados>.
    Related source file is "C:\Users\Mistakx\Desktop\PEPE-8\PEPE-8\Memoria_de_Dados.vhd".
    Found 256x8-bit single-port RAM <Mram_ram> for signal <ram>.
    Found 8-bit register for signal <dados_M>.
    Summary:
	inferred   1 RAM(s).
	inferred   8 D-type flip-flop(s).
Unit <Memoria_de_Dados> synthesized.

Synthesizing Unit <Processor>.
    Related source file is "C:\Users\Mistakx\Desktop\PEPE-8\PEPE-8\Processor.vhd".
    Summary:
	no macro.
Unit <Processor> synthesized.

Synthesizing Unit <PC>.
    Related source file is "C:\Users\Mistakx\Desktop\PEPE-8\PEPE-8\PC.vhd".
    Register <PC.counter> equivalent to <endereco> has been removed
    Found 8-bit register for signal <endereco>.
    Found 8-bit adder for signal <PC.counter[7]_GND_11_o_add_0_OUT> created at line 65.
    Summary:
	inferred   1 Adder/Subtractor(s).
	inferred   8 D-type flip-flop(s).
	inferred   1 Multiplexer(s).
Unit <PC> synthesized.

Synthesizing Unit <Rom_de_Descodificacao>.
    Related source file is "C:\Users\Mistakx\Desktop\PEPE-8\PEPE-8\Rom_de_descodificacao.vhd".
    Found 32x15-bit Read Only RAM for signal <_n0050>
    Summary:
	inferred   1 RAM(s).
Unit <Rom_de_Descodificacao> synthesized.

Synthesizing Unit <MUX_R>.
    Related source file is "C:\Users\Mistakx\Desktop\PEPE-8\PEPE-8\MUX_R.vhd".
    Found 8-bit 4-to-1 multiplexer for signal <dados_R> created at line 52.
    Summary:
	inferred   1 Multiplexer(s).
Unit <MUX_R> synthesized.

Synthesizing Unit <banco_de_registos>.
    Related source file is "C:\Users\Mistakx\Desktop\PEPE-8\PEPE-8\banco_de_registos.vhd".
    Found 8x8-bit dual-port RAM <Mram_array_registos> for signal <array_registos>.
    Found 8-bit register for signal <operando2>.
    Found 8-bit register for signal <operando1>.
    Summary:
	inferred   1 RAM(s).
	inferred  16 D-type flip-flop(s).
Unit <banco_de_registos> synthesized.

Synthesizing Unit <MUX_PC>.
    Related source file is "C:\Users\Mistakx\Desktop\PEPE-8\PEPE-8\MUX_PC.vhd".
    Summary:
	no macro.
Unit <MUX_PC> synthesized.

Synthesizing Unit <Registo_de_Flags>.
    Related source file is "C:\Users\Mistakx\Desktop\PEPE-8\PEPE-8\Registo_de_Flags.vhd".
    Found 1-bit register for signal <S_FLAG>.
    Found 1-bit 7-to-1 multiplexer for signal <SEL_FLAG[2]_GND_16_o_Mux_0_o> created at line 58.
    Summary:
	inferred   1 D-type flip-flop(s).
	inferred   1 Multiplexer(s).
Unit <Registo_de_Flags> synthesized.

Synthesizing Unit <Gestor_de_Perifericos>.
    Related source file is "C:\Users\Mistakx\Desktop\PEPE-8\PEPE-8\Gestor_de_Perifericos.vhd".
    Found 8-bit register for signal <dados_IN>.
    Found 8-bit register for signal <POUT>.
    Summary:
	inferred  16 D-type flip-flop(s).
Unit <Gestor_de_Perifericos> synthesized.

Synthesizing Unit <is_zero>.
    Related source file is "C:\Users\Mistakx\Desktop\PEPE-8\PEPE-8\is_zero.vhd".
    Summary:
	no macro.
Unit <is_zero> synthesized.

=========================================================================
HDL Synthesis Report

Macro Statistics
# RAMs                                                 : 4
 16x19-bit single-port Read Only RAM                   : 1
 256x8-bit single-port RAM                             : 1
 32x15-bit single-port Read Only RAM                   : 1
 8x8-bit dual-port RAM                                 : 1
# Adders/Subtractors                                   : 1
 8-bit adder                                           : 1
# Registers                                            : 7
 1-bit register                                        : 1
 8-bit register                                        : 6
# Multiplexers                                         : 3
 1-bit 7-to-1 multiplexer                              : 1
 8-bit 2-to-1 multiplexer                              : 1
 8-bit 4-to-1 multiplexer                              : 1

=========================================================================

=========================================================================
*                       Advanced HDL Synthesis                          *
=========================================================================


Synthesizing (advanced) Unit <Memoria_de_Dados>.
INFO:Xst:3226 - The RAM <Mram_ram> will be implemented as a BLOCK RAM, absorbing the following register(s): <dados_M>
    -----------------------------------------------------------------------
    | ram_type           | Block                               |          |
    -----------------------------------------------------------------------
    | Port A                                                              |
    |     aspect ratio   | 256-word x 8-bit                    |          |
    |     mode           | no-change                           |          |
    |     clkA           | connected to signal <clk>           | rise     |
    |     weA            | connected to signal <WR>            | high     |
    |     addrA          | connected to signal <constante>     |          |
    |     diA            | connected to signal <operando1>     |          |
    |     doA            | connected to signal <dados_M>       |          |
    -----------------------------------------------------------------------
    | optimization       | speed                               |          |
    -----------------------------------------------------------------------
Unit <Memoria_de_Dados> synthesized (advanced).

Synthesizing (advanced) Unit <Memoria_de_Instrucoes>.
INFO:Xst:3218 - HDL ADVISOR - The RAM <Mram__n0105> will be implemented on LUTs either because you have described an asynchronous read or because of currently unsupported block RAM features. If you have described an asynchronous read, making it synchronous would allow you to take advantage of available block RAM resources, for optimized device usage and improved timings. Please refer to your documentation for coding guidelines.
    -----------------------------------------------------------------------
    | ram_type           | Distributed                         |          |
    -----------------------------------------------------------------------
    | Port A                                                              |
    |     aspect ratio   | 16-word x 19-bit                    |          |
    |     weA            | connected to signal <GND>           | high     |
    |     addrA          | connected to signal <endereco>      |          |
    |     diA            | connected to signal <GND>           |          |
    |     doA            | connected to internal node          |          |
    -----------------------------------------------------------------------
Unit <Memoria_de_Instrucoes> synthesized (advanced).

Synthesizing (advanced) Unit <PC>.
The following registers are absorbed into counter <endereco>: 1 register on signal <endereco>.
Unit <PC> synthesized (advanced).

Synthesizing (advanced) Unit <Rom_de_Descodificacao>.
INFO:Xst:3218 - HDL ADVISOR - The RAM <Mram__n0050> will be implemented on LUTs either because you have described an asynchronous read or because of currently unsupported block RAM features. If you have described an asynchronous read, making it synchronous would allow you to take advantage of available block RAM resources, for optimized device usage and improved timings. Please refer to your documentation for coding guidelines.
    -----------------------------------------------------------------------
    | ram_type           | Distributed                         |          |
    -----------------------------------------------------------------------
    | Port A                                                              |
    |     aspect ratio   | 32-word x 15-bit                    |          |
    |     weA            | connected to signal <GND>           | high     |
    |     addrA          | connected to signal <opcode>        |          |
    |     diA            | connected to signal <GND>           |          |
    |     doA            | connected to internal node          |          |
    -----------------------------------------------------------------------
Unit <Rom_de_Descodificacao> synthesized (advanced).

Synthesizing (advanced) Unit <banco_de_registos>.
INFO:Xst:3231 - The small RAM <Mram_array_registos> will be implemented on LUTs in order to maximize performance and save block RAM resources. If you want to force its implementation on block, use option/constraint ram_style.
    -----------------------------------------------------------------------
    | ram_type           | Distributed                         |          |
    -----------------------------------------------------------------------
    | Port A                                                              |
    |     aspect ratio   | 8-word x 8-bit                      |          |
    |     clkA           | connected to signal <clk>           | rise     |
    |     weA            | connected to signal <escr_R>        | high     |
    |     addrA          | connected to signal <sel_R1>        |          |
    |     diA            | connected to signal <dados_R>       |          |
    |     doA            | connected to internal node          |          |
    -----------------------------------------------------------------------
    | Port B                                                              |
    |     aspect ratio   | 8-word x 8-bit                      |          |
    |     addrB          | connected to signal <sel_R2>        |          |
    |     doB            | connected to internal node          |          |
    -----------------------------------------------------------------------
Unit <banco_de_registos> synthesized (advanced).

=========================================================================
Advanced HDL Synthesis Report

Macro Statistics
# RAMs                                                 : 4
 16x19-bit single-port distributed Read Only RAM       : 1
 256x8-bit single-port block RAM                       : 1
 32x15-bit single-port distributed Read Only RAM       : 1
 8x8-bit dual-port distributed RAM                     : 1
# Counters                                             : 1
 8-bit up counter                                      : 1
# Registers                                            : 33
 Flip-Flops                                            : 33
# Multiplexers                                         : 2
 1-bit 7-to-1 multiplexer                              : 1
 8-bit 4-to-1 multiplexer                              : 1

=========================================================================

=========================================================================
*                         Low Level Synthesis                           *
=========================================================================

Optimizing unit <motherboard> ...

Optimizing unit <Processor> ...

Optimizing unit <Gestor_de_Perifericos> ...

Optimizing unit <banco_de_registos> ...
WARNING:Xst:1710 - FF/Latch <motherboard_processor/processor_Registo_de_Flags/S_FLAG> (without init value) has a constant value of 0 in block <motherboard>. This FF/Latch will be trimmed during the optimization process.
WARNING:Xst:1895 - Due to other FF/Latch trimming, FF/Latch <motherboard_processor/processor_Gestor_de_Perifericos/POUT_7> (without init value) has a constant value of 0 in block <motherboard>. This FF/Latch will be trimmed during the optimization process.
WARNING:Xst:1895 - Due to other FF/Latch trimming, FF/Latch <motherboard_processor/processor_Gestor_de_Perifericos/POUT_6> (without init value) has a constant value of 0 in block <motherboard>. This FF/Latch will be trimmed during the optimization process.
WARNING:Xst:1895 - Due to other FF/Latch trimming, FF/Latch <motherboard_processor/processor_Gestor_de_Perifericos/POUT_5> (without init value) has a constant value of 0 in block <motherboard>. This FF/Latch will be trimmed during the optimization process.
WARNING:Xst:1895 - Due to other FF/Latch trimming, FF/Latch <motherboard_processor/processor_Gestor_de_Perifericos/POUT_4> (without init value) has a constant value of 0 in block <motherboard>. This FF/Latch will be trimmed during the optimization process.
WARNING:Xst:1895 - Due to other FF/Latch trimming, FF/Latch <motherboard_processor/processor_Gestor_de_Perifericos/POUT_3> (without init value) has a constant value of 0 in block <motherboard>. This FF/Latch will be trimmed during the optimization process.
WARNING:Xst:1895 - Due to other FF/Latch trimming, FF/Latch <motherboard_processor/processor_Gestor_de_Perifericos/POUT_2> (without init value) has a constant value of 0 in block <motherboard>. This FF/Latch will be trimmed during the optimization process.
WARNING:Xst:1895 - Due to other FF/Latch trimming, FF/Latch <motherboard_processor/processor_Gestor_de_Perifericos/POUT_1> (without init value) has a constant value of 0 in block <motherboard>. This FF/Latch will be trimmed during the optimization process.
WARNING:Xst:1895 - Due to other FF/Latch trimming, FF/Latch <motherboard_processor/processor_Gestor_de_Perifericos/POUT_0> (without init value) has a constant value of 0 in block <motherboard>. This FF/Latch will be trimmed during the optimization process.
WARNING:Xst:2677 - Node <motherboard_processor/processor_PC/endereco_7> of sequential type is unconnected in block <motherboard>.
WARNING:Xst:2677 - Node <motherboard_processor/processor_PC/endereco_6> of sequential type is unconnected in block <motherboard>.
WARNING:Xst:2677 - Node <motherboard_processor/processor_PC/endereco_5> of sequential type is unconnected in block <motherboard>.
WARNING:Xst:2677 - Node <motherboard_processor/processor_PC/endereco_4> of sequential type is unconnected in block <motherboard>.

Mapping all equations...
Building and optimizing final netlist ...
Found area constraint ratio of 100 (+ 5) on block motherboard, actual ratio is 0.

Final Macro Processing ...

=========================================================================
Final Register Report

Macro Statistics
# Registers                                            : 28
 Flip-Flops                                            : 28

=========================================================================

=========================================================================
*                           Partition Report                            *
=========================================================================

Partition Implementation Status
-------------------------------

  No Partitions were found in this design.

-------------------------------

=========================================================================
*                            Design Summary                             *
=========================================================================

Top Level Output File Name         : motherboard.ngc

Primitive and Black Box Usage:
------------------------------
# BELS                             : 27
#      GND                         : 1
#      INV                         : 1
#      LUT1                        : 4
#      LUT2                        : 11
#      LUT6                        : 2
#      MUXCY                       : 3
#      VCC                         : 1
#      XORCY                       : 4
# FlipFlops/Latches                : 28
#      FDE                         : 24
#      FDRE                        : 4
# RAMS                             : 9
#      RAM32X1D                    : 8
#      RAMB18E1                    : 1
# Clock Buffers                    : 1
#      BUFGP                       : 1
# IO Buffers                       : 17
#      IBUF                        : 9
#      OBUF                        : 8
# Others                           : 1
#      ALU                         : 1

Device utilization summary:
---------------------------

Selected Device : 7a100tcsg324-3 


Slice Logic Utilization: 
 Number of Slice Registers:              28  out of  126800     0%  
 Number of Slice LUTs:                   34  out of  63400     0%  
    Number used as Logic:                18  out of  63400     0%  
    Number used as Memory:               16  out of  19000     0%  
       Number used as RAM:               16

Slice Logic Distribution: 
 Number of LUT Flip Flop pairs used:     44
   Number with an unused Flip Flop:      16  out of     44    36%  
   Number with an unused LUT:            10  out of     44    22%  
   Number of fully used LUT-FF pairs:    18  out of     44    40%  
   Number of unique control sets:         3

IO Utilization: 
 Number of IOs:                          18
 Number of bonded IOBs:                  18  out of    210     8%  

Specific Feature Utilization:
 Number of Block RAM/FIFO:                1  out of    135     0%  
    Number using Block RAM only:          1
 Number of BUFG/BUFGCTRLs:                1  out of     32     3%  

---------------------------
Partition Resource Summary:
---------------------------

  No Partitions were found in this design.

---------------------------


=========================================================================
Timing Report

NOTE: THESE TIMING NUMBERS ARE ONLY A SYNTHESIS ESTIMATE.
      FOR ACCURATE TIMING INFORMATION PLEASE REFER TO THE TRACE REPORT
      GENERATED AFTER PLACE-and-ROUTE.

Clock Information:
------------------
-----------------------------------+------------------------+-------+
Clock Signal                       | Clock buffer(FF name)  | Load  |
-----------------------------------+------------------------+-------+
clk                                | BUFGP                  | 37    |
-----------------------------------+------------------------+-------+

Asynchronous Control Signals Information:
----------------------------------------
-----------------------------------------------------------------------------------------------------------------------------------+--------------------------------------------+-------+
Control Signal                                                                                                                     | Buffer(FF name)                            | Load  |
-----------------------------------------------------------------------------------------------------------------------------------+--------------------------------------------+-------+
motherboard_processor/processor_banco_de_registos/escr_R_inv(motherboard_processor/processor_Rom_de_Descodificacao/Mram__n005081:O)| NONE(motherboard_Memoria_de_Dados/Mram_ram)| 2     |
-----------------------------------------------------------------------------------------------------------------------------------+--------------------------------------------+-------+

Timing Summary:
---------------
Speed Grade: -3

   Minimum period: 2.357ns (Maximum Frequency: 424.214MHz)
   Minimum input arrival time before clock: 0.909ns
   Maximum output required time after clock: 0.640ns
   Maximum combinational path delay: No path found

Timing Details:
---------------
All values displayed in nanoseconds (ns)

=========================================================================
Timing constraint: Default period analysis for Clock 'clk'
  Clock period: 2.357ns (frequency: 424.214MHz)
  Total number of paths / destination ports: 176 / 88
-------------------------------------------------------------------------
Delay:               2.357ns (Levels of Logic = 1)
  Source:            motherboard_Memoria_de_Dados/Mram_ram (RAM)
  Destination:       motherboard_processor/processor_banco_de_registos/Mram_array_registos2 (RAM)
  Source Clock:      clk rising
  Destination Clock: clk rising

  Data Path: motherboard_Memoria_de_Dados/Mram_ram to motherboard_processor/processor_banco_de_registos/Mram_array_registos2
                                Gate     Net
    Cell:in->out      fanout   Delay   Delay  Logical Name (Net Name)
    ----------------------------------------  ------------
     RAMB18E1:CLKARDCLK->DOADO1    1   1.846   0.295  motherboard_Memoria_de_Dados/Mram_ram (signal_dados_M<1>)
     LUT6:I5->O            1   0.097   0.000  motherboard_processor/processor_MUX_R/Mmux_dados_R21 (motherboard_processor/signal_dados_R<1>)
     RAM32X1D:D                0.119          motherboard_processor/processor_banco_de_registos/Mram_array_registos2
    ----------------------------------------
    Total                      2.357ns (2.062ns logic, 0.295ns route)
                                       (87.5% logic, 12.5% route)

=========================================================================
Timing constraint: Default OFFSET IN BEFORE for Clock 'clk'
  Total number of paths / destination ports: 18 / 18
-------------------------------------------------------------------------
Offset:              0.909ns (Levels of Logic = 1)
  Source:            motherboard_processor/processor_ALU:resultado<1> (PAD)
  Destination:       motherboard_processor/processor_banco_de_registos/Mram_array_registos2 (RAM)
  Destination Clock: clk rising

  Data Path: motherboard_processor/processor_ALU:resultado<1> to motherboard_processor/processor_banco_de_registos/Mram_array_registos2
                                Gate     Net
    Cell:in->out      fanout   Delay   Delay  Logical Name (Net Name)
    ----------------------------------------  ------------
    ALU:resultado<1>       1   0.000   0.693  motherboard_processor/processor_ALU (motherboard_processor/signal_resultado<1>)
     LUT6:I0->O            1   0.097   0.000  motherboard_processor/processor_MUX_R/Mmux_dados_R21 (motherboard_processor/signal_dados_R<1>)
     RAM32X1D:D                0.119          motherboard_processor/processor_banco_de_registos/Mram_array_registos2
    ----------------------------------------
    Total                      0.909ns (0.216ns logic, 0.693ns route)
                                       (23.8% logic, 76.2% route)

=========================================================================
Timing constraint: Default OFFSET OUT AFTER for Clock 'clk'
  Total number of paths / destination ports: 16 / 16
-------------------------------------------------------------------------
Offset:              0.640ns (Levels of Logic = 0)
  Source:            motherboard_processor/processor_banco_de_registos/operando1_7 (FF)
  Destination:       motherboard_processor/processor_ALU:operando1<7> (PAD)
  Source Clock:      clk rising

  Data Path: motherboard_processor/processor_banco_de_registos/operando1_7 to motherboard_processor/processor_ALU:operando1<7>
                                Gate     Net
    Cell:in->out      fanout   Delay   Delay  Logical Name (Net Name)
    ----------------------------------------  ------------
     FDE:C->Q              1   0.361   0.279  motherboard_processor/processor_banco_de_registos/operando1_7 (motherboard_processor/processor_banco_de_registos/operando1_7)
    ALU:operando1<7>           0.000          motherboard_processor/processor_ALU
    ----------------------------------------
    Total                      0.640ns (0.361ns logic, 0.279ns route)
                                       (56.4% logic, 43.6% route)

=========================================================================

Cross Clock Domains Report:
--------------------------

Clock to Setup on destination clock clk
---------------+---------+---------+---------+---------+
               | Src:Rise| Src:Fall| Src:Rise| Src:Fall|
Source Clock   |Dest:Rise|Dest:Rise|Dest:Fall|Dest:Fall|
---------------+---------+---------+---------+---------+
clk            |    2.357|         |         |         |
---------------+---------+---------+---------+---------+

=========================================================================


Total REAL time to Xst completion: 31.00 secs
Total CPU time to Xst completion: 30.59 secs
 
--> 

Total memory usage is 4648756 kilobytes

Number of errors   :    0 (   0 filtered)
Number of warnings :   14 (   0 filtered)
Number of infos    :    4 (   0 filtered)

