Command line:
   Memoria_de_Dados_isim_beh.exe
     -simmode  gui
     -simrunnum  0
     -socket  53368

Wed Apr 07 22:47:58 2021


 Elaboration Time: 0.046875 sec

 Current Memory Usage: 5150.27 Meg

 Total Signals          : 5
 Total Nets             : 26
 Total Signal Drivers   : 1
 Total Blocks           : 3
 Total Primitive Blocks : 3
 Total Processes        : 1
 Total Traceable Variables  : 13
 Total Scalar Nets and Variables : 509
Total Line Count : 4

 Total Simulation Time: 0.0625 sec

 Current Memory Usage: 5150.27 Meg

Wed Apr 07 22:48:11 2021

